{"C:\\Users\\mi\\Documents\\GitHub\\Books\\src\\server\\test\\test.js":{"path":"C:\\Users\\mi\\Documents\\GitHub\\Books\\src\\server\\test\\test.js","statementMap":{"0":{"start":{"line":3,"column":11},"end":{"line":3,"column":26}},"1":{"start":{"line":5,"column":15},"end":{"line":5,"column":35}},"2":{"start":{"line":7,"column":0},"end":{"line":7,"column":32}},"3":{"start":{"line":9,"column":10},"end":{"line":9,"column":34}},"4":{"start":{"line":11,"column":15},"end":{"line":11,"column":31}},"5":{"start":{"line":12,"column":16},"end":{"line":12,"column":34}},"6":{"start":{"line":14,"column":0},"end":{"line":14,"column":19}},"7":{"start":{"line":15,"column":13},"end":{"line":15,"column":24}},"8":{"start":{"line":17,"column":11},"end":{"line":21,"column":1}},"9":{"start":{"line":18,"column":2},"end":{"line":20,"column":5}},"10":{"start":{"line":19,"column":4},"end":{"line":19,"column":87}},"11":{"start":{"line":23,"column":0},"end":{"line":31,"column":3}},"12":{"start":{"line":24,"column":2},"end":{"line":30,"column":5}},"13":{"start":{"line":25,"column":4},"end":{"line":29,"column":7}},"14":{"start":{"line":26,"column":6},"end":{"line":26,"column":39}},"15":{"start":{"line":27,"column":6},"end":{"line":27,"column":75}},"16":{"start":{"line":28,"column":6},"end":{"line":28,"column":11}},"17":{"start":{"line":32,"column":0},"end":{"line":165,"column":3}},"18":{"start":{"line":34,"column":2},"end":{"line":41,"column":5}},"19":{"start":{"line":35,"column":4},"end":{"line":40,"column":7}},"20":{"start":{"line":36,"column":6},"end":{"line":36,"column":39}},"21":{"start":{"line":37,"column":6},"end":{"line":37,"column":61}},"22":{"start":{"line":38,"column":6},"end":{"line":38,"column":70}},"23":{"start":{"line":39,"column":6},"end":{"line":39,"column":11}},"24":{"start":{"line":42,"column":2},"end":{"line":55,"column":5}},"25":{"start":{"line":43,"column":15},"end":{"line":46,"column":5}},"26":{"start":{"line":47,"column":4},"end":{"line":54,"column":7}},"27":{"start":{"line":48,"column":6},"end":{"line":48,"column":39}},"28":{"start":{"line":49,"column":6},"end":{"line":51,"column":9}},"29":{"start":{"line":52,"column":6},"end":{"line":52,"column":42}},"30":{"start":{"line":53,"column":6},"end":{"line":53,"column":11}},"31":{"start":{"line":56,"column":2},"end":{"line":66,"column":5}},"32":{"start":{"line":57,"column":15},"end":{"line":60,"column":5}},"33":{"start":{"line":61,"column":4},"end":{"line":65,"column":7}},"34":{"start":{"line":62,"column":6},"end":{"line":62,"column":39}},"35":{"start":{"line":63,"column":6},"end":{"line":63,"column":77}},"36":{"start":{"line":64,"column":6},"end":{"line":64,"column":11}},"37":{"start":{"line":67,"column":2},"end":{"line":76,"column":5}},"38":{"start":{"line":68,"column":15},"end":{"line":70,"column":5}},"39":{"start":{"line":71,"column":4},"end":{"line":75,"column":7}},"40":{"start":{"line":72,"column":6},"end":{"line":72,"column":39}},"41":{"start":{"line":73,"column":6},"end":{"line":73,"column":77}},"42":{"start":{"line":74,"column":6},"end":{"line":74,"column":11}},"43":{"start":{"line":77,"column":2},"end":{"line":85,"column":5}},"44":{"start":{"line":78,"column":4},"end":{"line":84,"column":7}},"45":{"start":{"line":79,"column":6},"end":{"line":79,"column":39}},"46":{"start":{"line":80,"column":6},"end":{"line":80,"column":61}},"47":{"start":{"line":81,"column":6},"end":{"line":81,"column":71}},"48":{"start":{"line":82,"column":6},"end":{"line":82,"column":52}},"49":{"start":{"line":83,"column":6},"end":{"line":83,"column":11}},"50":{"start":{"line":86,"column":2},"end":{"line":93,"column":5}},"51":{"start":{"line":87,"column":4},"end":{"line":92,"column":7}},"52":{"start":{"line":88,"column":6},"end":{"line":88,"column":39}},"53":{"start":{"line":89,"column":6},"end":{"line":89,"column":67}},"54":{"start":{"line":90,"column":6},"end":{"line":90,"column":49}},"55":{"start":{"line":91,"column":6},"end":{"line":91,"column":11}},"56":{"start":{"line":94,"column":2},"end":{"line":101,"column":5}},"57":{"start":{"line":95,"column":20},"end":{"line":95,"column":26}},"58":{"start":{"line":96,"column":4},"end":{"line":100,"column":7}},"59":{"start":{"line":97,"column":6},"end":{"line":97,"column":39}},"60":{"start":{"line":98,"column":6},"end":{"line":98,"column":112}},"61":{"start":{"line":99,"column":6},"end":{"line":99,"column":11}},"62":{"start":{"line":102,"column":2},"end":{"line":109,"column":5}},"63":{"start":{"line":103,"column":15},"end":{"line":103,"column":29}},"64":{"start":{"line":104,"column":4},"end":{"line":108,"column":7}},"65":{"start":{"line":105,"column":6},"end":{"line":105,"column":39}},"66":{"start":{"line":106,"column":6},"end":{"line":106,"column":67}},"67":{"start":{"line":107,"column":6},"end":{"line":107,"column":11}},"68":{"start":{"line":110,"column":2},"end":{"line":119,"column":5}},"69":{"start":{"line":111,"column":22},"end":{"line":113,"column":5}},"70":{"start":{"line":114,"column":4},"end":{"line":118,"column":7}},"71":{"start":{"line":115,"column":6},"end":{"line":115,"column":39}},"72":{"start":{"line":116,"column":6},"end":{"line":116,"column":71}},"73":{"start":{"line":117,"column":6},"end":{"line":117,"column":11}},"74":{"start":{"line":120,"column":2},"end":{"line":130,"column":5}},"75":{"start":{"line":121,"column":22},"end":{"line":121,"column":28}},"76":{"start":{"line":122,"column":22},"end":{"line":124,"column":5}},"77":{"start":{"line":125,"column":4},"end":{"line":129,"column":7}},"78":{"start":{"line":126,"column":6},"end":{"line":126,"column":39}},"79":{"start":{"line":127,"column":6},"end":{"line":127,"column":114}},"80":{"start":{"line":128,"column":6},"end":{"line":128,"column":11}},"81":{"start":{"line":131,"column":2},"end":{"line":141,"column":5}},"82":{"start":{"line":132,"column":15},"end":{"line":132,"column":29}},"83":{"start":{"line":133,"column":22},"end":{"line":135,"column":5}},"84":{"start":{"line":136,"column":4},"end":{"line":140,"column":7}},"85":{"start":{"line":137,"column":6},"end":{"line":137,"column":39}},"86":{"start":{"line":138,"column":6},"end":{"line":138,"column":67}},"87":{"start":{"line":139,"column":6},"end":{"line":139,"column":11}},"88":{"start":{"line":142,"column":2},"end":{"line":148,"column":5}},"89":{"start":{"line":143,"column":4},"end":{"line":147,"column":7}},"90":{"start":{"line":144,"column":6},"end":{"line":144,"column":39}},"91":{"start":{"line":145,"column":6},"end":{"line":145,"column":43}},"92":{"start":{"line":146,"column":6},"end":{"line":146,"column":11}},"93":{"start":{"line":149,"column":2},"end":{"line":156,"column":5}},"94":{"start":{"line":150,"column":20},"end":{"line":150,"column":26}},"95":{"start":{"line":151,"column":4},"end":{"line":155,"column":7}},"96":{"start":{"line":152,"column":6},"end":{"line":152,"column":39}},"97":{"start":{"line":153,"column":6},"end":{"line":153,"column":112}},"98":{"start":{"line":154,"column":6},"end":{"line":154,"column":11}},"99":{"start":{"line":157,"column":2},"end":{"line":164,"column":5}},"100":{"start":{"line":158,"column":15},"end":{"line":158,"column":29}},"101":{"start":{"line":159,"column":4},"end":{"line":163,"column":7}},"102":{"start":{"line":160,"column":6},"end":{"line":160,"column":39}},"103":{"start":{"line":161,"column":6},"end":{"line":161,"column":67}},"104":{"start":{"line":162,"column":6},"end":{"line":162,"column":11}},"105":{"start":{"line":166,"column":0},"end":{"line":377,"column":3}},"106":{"start":{"line":168,"column":2},"end":{"line":175,"column":5}},"107":{"start":{"line":169,"column":4},"end":{"line":174,"column":7}},"108":{"start":{"line":170,"column":6},"end":{"line":170,"column":39}},"109":{"start":{"line":171,"column":6},"end":{"line":171,"column":61}},"110":{"start":{"line":172,"column":6},"end":{"line":172,"column":68}},"111":{"start":{"line":173,"column":6},"end":{"line":173,"column":11}},"112":{"start":{"line":176,"column":2},"end":{"line":211,"column":5}},"113":{"start":{"line":177,"column":17},"end":{"line":180,"column":5}},"114":{"start":{"line":181,"column":15},"end":{"line":186,"column":5}},"115":{"start":{"line":187,"column":4},"end":{"line":210,"column":7}},"116":{"start":{"line":188,"column":6},"end":{"line":188,"column":42}},"117":{"start":{"line":189,"column":6},"end":{"line":189,"column":33}},"118":{"start":{"line":190,"column":6},"end":{"line":209,"column":9}},"119":{"start":{"line":191,"column":8},"end":{"line":191,"column":41}},"120":{"start":{"line":192,"column":8},"end":{"line":194,"column":11}},"121":{"start":{"line":195,"column":8},"end":{"line":197,"column":11}},"122":{"start":{"line":198,"column":8},"end":{"line":200,"column":11}},"123":{"start":{"line":201,"column":8},"end":{"line":203,"column":11}},"124":{"start":{"line":204,"column":8},"end":{"line":206,"column":11}},"125":{"start":{"line":207,"column":8},"end":{"line":207,"column":40}},"126":{"start":{"line":208,"column":8},"end":{"line":208,"column":13}},"127":{"start":{"line":212,"column":2},"end":{"line":225,"column":5}},"128":{"start":{"line":213,"column":15},"end":{"line":219,"column":5}},"129":{"start":{"line":220,"column":4},"end":{"line":224,"column":7}},"130":{"start":{"line":221,"column":6},"end":{"line":221,"column":39}},"131":{"start":{"line":222,"column":6},"end":{"line":222,"column":77}},"132":{"start":{"line":223,"column":6},"end":{"line":223,"column":11}},"133":{"start":{"line":226,"column":2},"end":{"line":236,"column":5}},"134":{"start":{"line":227,"column":15},"end":{"line":230,"column":5}},"135":{"start":{"line":231,"column":4},"end":{"line":235,"column":7}},"136":{"start":{"line":232,"column":6},"end":{"line":232,"column":39}},"137":{"start":{"line":233,"column":6},"end":{"line":233,"column":77}},"138":{"start":{"line":234,"column":6},"end":{"line":234,"column":11}},"139":{"start":{"line":237,"column":2},"end":{"line":250,"column":5}},"140":{"start":{"line":238,"column":15},"end":{"line":244,"column":5}},"141":{"start":{"line":245,"column":4},"end":{"line":249,"column":7}},"142":{"start":{"line":246,"column":6},"end":{"line":246,"column":39}},"143":{"start":{"line":247,"column":6},"end":{"line":247,"column":74}},"144":{"start":{"line":248,"column":6},"end":{"line":248,"column":11}},"145":{"start":{"line":251,"column":2},"end":{"line":264,"column":5}},"146":{"start":{"line":252,"column":15},"end":{"line":258,"column":5}},"147":{"start":{"line":259,"column":4},"end":{"line":263,"column":7}},"148":{"start":{"line":260,"column":6},"end":{"line":260,"column":39}},"149":{"start":{"line":261,"column":6},"end":{"line":261,"column":75}},"150":{"start":{"line":262,"column":6},"end":{"line":262,"column":11}},"151":{"start":{"line":265,"column":2},"end":{"line":273,"column":5}},"152":{"start":{"line":266,"column":4},"end":{"line":272,"column":7}},"153":{"start":{"line":267,"column":6},"end":{"line":267,"column":39}},"154":{"start":{"line":268,"column":6},"end":{"line":268,"column":61}},"155":{"start":{"line":269,"column":6},"end":{"line":269,"column":69}},"156":{"start":{"line":270,"column":6},"end":{"line":270,"column":52}},"157":{"start":{"line":271,"column":6},"end":{"line":271,"column":11}},"158":{"start":{"line":274,"column":2},"end":{"line":285,"column":5}},"159":{"start":{"line":275,"column":4},"end":{"line":284,"column":7}},"160":{"start":{"line":276,"column":6},"end":{"line":276,"column":39}},"161":{"start":{"line":277,"column":6},"end":{"line":277,"column":65}},"162":{"start":{"line":278,"column":6},"end":{"line":278,"column":50}},"163":{"start":{"line":279,"column":6},"end":{"line":279,"column":50}},"164":{"start":{"line":280,"column":6},"end":{"line":280,"column":56}},"165":{"start":{"line":281,"column":6},"end":{"line":281,"column":51}},"166":{"start":{"line":282,"column":6},"end":{"line":282,"column":54}},"167":{"start":{"line":283,"column":6},"end":{"line":283,"column":11}},"168":{"start":{"line":286,"column":2},"end":{"line":293,"column":5}},"169":{"start":{"line":287,"column":20},"end":{"line":287,"column":26}},"170":{"start":{"line":288,"column":4},"end":{"line":292,"column":7}},"171":{"start":{"line":289,"column":6},"end":{"line":289,"column":39}},"172":{"start":{"line":290,"column":6},"end":{"line":290,"column":110}},"173":{"start":{"line":291,"column":6},"end":{"line":291,"column":11}},"174":{"start":{"line":294,"column":2},"end":{"line":301,"column":5}},"175":{"start":{"line":295,"column":15},"end":{"line":295,"column":29}},"176":{"start":{"line":296,"column":4},"end":{"line":300,"column":7}},"177":{"start":{"line":297,"column":6},"end":{"line":297,"column":39}},"178":{"start":{"line":298,"column":6},"end":{"line":298,"column":67}},"179":{"start":{"line":299,"column":6},"end":{"line":299,"column":11}},"180":{"start":{"line":302,"column":2},"end":{"line":311,"column":5}},"181":{"start":{"line":303,"column":22},"end":{"line":305,"column":5}},"182":{"start":{"line":306,"column":4},"end":{"line":310,"column":7}},"183":{"start":{"line":307,"column":6},"end":{"line":307,"column":39}},"184":{"start":{"line":308,"column":6},"end":{"line":308,"column":71}},"185":{"start":{"line":309,"column":6},"end":{"line":309,"column":11}},"186":{"start":{"line":312,"column":2},"end":{"line":322,"column":5}},"187":{"start":{"line":313,"column":22},"end":{"line":313,"column":28}},"188":{"start":{"line":314,"column":22},"end":{"line":316,"column":5}},"189":{"start":{"line":317,"column":4},"end":{"line":321,"column":7}},"190":{"start":{"line":318,"column":6},"end":{"line":318,"column":39}},"191":{"start":{"line":319,"column":6},"end":{"line":319,"column":112}},"192":{"start":{"line":320,"column":6},"end":{"line":320,"column":11}},"193":{"start":{"line":323,"column":2},"end":{"line":333,"column":5}},"194":{"start":{"line":324,"column":15},"end":{"line":324,"column":29}},"195":{"start":{"line":325,"column":22},"end":{"line":327,"column":5}},"196":{"start":{"line":328,"column":4},"end":{"line":332,"column":7}},"197":{"start":{"line":329,"column":6},"end":{"line":329,"column":39}},"198":{"start":{"line":330,"column":6},"end":{"line":330,"column":67}},"199":{"start":{"line":331,"column":6},"end":{"line":331,"column":11}},"200":{"start":{"line":334,"column":2},"end":{"line":343,"column":5}},"201":{"start":{"line":335,"column":22},"end":{"line":337,"column":5}},"202":{"start":{"line":338,"column":4},"end":{"line":342,"column":7}},"203":{"start":{"line":339,"column":6},"end":{"line":339,"column":39}},"204":{"start":{"line":340,"column":6},"end":{"line":340,"column":74}},"205":{"start":{"line":341,"column":6},"end":{"line":341,"column":11}},"206":{"start":{"line":344,"column":2},"end":{"line":353,"column":5}},"207":{"start":{"line":345,"column":22},"end":{"line":347,"column":5}},"208":{"start":{"line":348,"column":4},"end":{"line":352,"column":7}},"209":{"start":{"line":349,"column":6},"end":{"line":349,"column":39}},"210":{"start":{"line":350,"column":6},"end":{"line":350,"column":75}},"211":{"start":{"line":351,"column":6},"end":{"line":351,"column":11}},"212":{"start":{"line":354,"column":2},"end":{"line":360,"column":5}},"213":{"start":{"line":355,"column":4},"end":{"line":359,"column":7}},"214":{"start":{"line":356,"column":6},"end":{"line":356,"column":39}},"215":{"start":{"line":357,"column":6},"end":{"line":357,"column":43}},"216":{"start":{"line":358,"column":6},"end":{"line":358,"column":107}},"217":{"start":{"line":361,"column":2},"end":{"line":368,"column":5}},"218":{"start":{"line":362,"column":20},"end":{"line":362,"column":26}},"219":{"start":{"line":363,"column":4},"end":{"line":367,"column":7}},"220":{"start":{"line":364,"column":6},"end":{"line":364,"column":39}},"221":{"start":{"line":365,"column":6},"end":{"line":365,"column":110}},"222":{"start":{"line":366,"column":6},"end":{"line":366,"column":11}},"223":{"start":{"line":369,"column":2},"end":{"line":376,"column":5}},"224":{"start":{"line":370,"column":15},"end":{"line":370,"column":29}},"225":{"start":{"line":371,"column":4},"end":{"line":375,"column":7}},"226":{"start":{"line":372,"column":6},"end":{"line":372,"column":39}},"227":{"start":{"line":373,"column":6},"end":{"line":373,"column":67}},"228":{"start":{"line":374,"column":6},"end":{"line":374,"column":11}}},"fnMap":{"0":{"name":"uuid","decl":{"start":{"line":17,"column":20},"end":{"line":17,"column":24}},"loc":{"start":{"line":17,"column":27},"end":{"line":21,"column":1}},"line":17},"1":{"name":"(anonymous_1)","decl":{"start":{"line":18,"column":65},"end":{"line":18,"column":66}},"loc":{"start":{"line":18,"column":87},"end":{"line":20,"column":3}},"line":18},"2":{"name":"(anonymous_2)","decl":{"start":{"line":23,"column":25},"end":{"line":23,"column":26}},"loc":{"start":{"line":23,"column":37},"end":{"line":31,"column":1}},"line":23},"3":{"name":"(anonymous_3)","decl":{"start":{"line":24,"column":27},"end":{"line":24,"column":28}},"loc":{"start":{"line":24,"column":41},"end":{"line":30,"column":3}},"line":24},"4":{"name":"(anonymous_4)","decl":{"start":{"line":25,"column":72},"end":{"line":25,"column":73}},"loc":{"start":{"line":25,"column":92},"end":{"line":29,"column":5}},"line":25},"5":{"name":"(anonymous_5)","decl":{"start":{"line":32,"column":42},"end":{"line":32,"column":43}},"loc":{"start":{"line":32,"column":54},"end":{"line":165,"column":1}},"line":32},"6":{"name":"(anonymous_6)","decl":{"start":{"line":34,"column":41},"end":{"line":34,"column":42}},"loc":{"start":{"line":34,"column":55},"end":{"line":41,"column":3}},"line":34},"7":{"name":"(anonymous_7)","decl":{"start":{"line":35,"column":79},"end":{"line":35,"column":80}},"loc":{"start":{"line":35,"column":99},"end":{"line":40,"column":5}},"line":35},"8":{"name":"(anonymous_8)","decl":{"start":{"line":42,"column":35},"end":{"line":42,"column":36}},"loc":{"start":{"line":42,"column":49},"end":{"line":55,"column":3}},"line":42},"9":{"name":"(anonymous_9)","decl":{"start":{"line":47,"column":91},"end":{"line":47,"column":92}},"loc":{"start":{"line":47,"column":111},"end":{"line":54,"column":5}},"line":47},"10":{"name":"(anonymous_10)","decl":{"start":{"line":56,"column":65},"end":{"line":56,"column":66}},"loc":{"start":{"line":56,"column":79},"end":{"line":66,"column":3}},"line":56},"11":{"name":"(anonymous_11)","decl":{"start":{"line":61,"column":91},"end":{"line":61,"column":92}},"loc":{"start":{"line":61,"column":111},"end":{"line":65,"column":5}},"line":61},"12":{"name":"(anonymous_12)","decl":{"start":{"line":67,"column":62},"end":{"line":67,"column":63}},"loc":{"start":{"line":67,"column":76},"end":{"line":76,"column":3}},"line":67},"13":{"name":"(anonymous_13)","decl":{"start":{"line":71,"column":91},"end":{"line":71,"column":92}},"loc":{"start":{"line":71,"column":111},"end":{"line":75,"column":5}},"line":71},"14":{"name":"(anonymous_14)","decl":{"start":{"line":77,"column":34},"end":{"line":77,"column":35}},"loc":{"start":{"line":77,"column":48},"end":{"line":85,"column":3}},"line":77},"15":{"name":"(anonymous_15)","decl":{"start":{"line":78,"column":79},"end":{"line":78,"column":80}},"loc":{"start":{"line":78,"column":99},"end":{"line":84,"column":5}},"line":78},"16":{"name":"(anonymous_16)","decl":{"start":{"line":86,"column":42},"end":{"line":86,"column":43}},"loc":{"start":{"line":86,"column":56},"end":{"line":93,"column":3}},"line":86},"17":{"name":"(anonymous_17)","decl":{"start":{"line":87,"column":98},"end":{"line":87,"column":99}},"loc":{"start":{"line":87,"column":118},"end":{"line":92,"column":5}},"line":87},"18":{"name":"(anonymous_18)","decl":{"start":{"line":94,"column":62},"end":{"line":94,"column":63}},"loc":{"start":{"line":94,"column":76},"end":{"line":101,"column":3}},"line":94},"19":{"name":"(anonymous_19)","decl":{"start":{"line":96,"column":98},"end":{"line":96,"column":99}},"loc":{"start":{"line":96,"column":118},"end":{"line":100,"column":5}},"line":96},"20":{"name":"(anonymous_20)","decl":{"start":{"line":102,"column":60},"end":{"line":102,"column":61}},"loc":{"start":{"line":102,"column":74},"end":{"line":109,"column":3}},"line":102},"21":{"name":"(anonymous_21)","decl":{"start":{"line":104,"column":93},"end":{"line":104,"column":94}},"loc":{"start":{"line":104,"column":113},"end":{"line":108,"column":5}},"line":104},"22":{"name":"(anonymous_22)","decl":{"start":{"line":110,"column":34},"end":{"line":110,"column":35}},"loc":{"start":{"line":110,"column":48},"end":{"line":119,"column":3}},"line":110},"23":{"name":"(anonymous_23)","decl":{"start":{"line":114,"column":116},"end":{"line":114,"column":117}},"loc":{"start":{"line":114,"column":136},"end":{"line":118,"column":5}},"line":114},"24":{"name":"(anonymous_24)","decl":{"start":{"line":120,"column":54},"end":{"line":120,"column":55}},"loc":{"start":{"line":120,"column":68},"end":{"line":130,"column":3}},"line":120},"25":{"name":"(anonymous_25)","decl":{"start":{"line":125,"column":118},"end":{"line":125,"column":119}},"loc":{"start":{"line":125,"column":138},"end":{"line":129,"column":5}},"line":125},"26":{"name":"(anonymous_26)","decl":{"start":{"line":131,"column":50},"end":{"line":131,"column":51}},"loc":{"start":{"line":131,"column":64},"end":{"line":141,"column":3}},"line":131},"27":{"name":"(anonymous_27)","decl":{"start":{"line":136,"column":111},"end":{"line":136,"column":112}},"loc":{"start":{"line":136,"column":131},"end":{"line":140,"column":5}},"line":136},"28":{"name":"(anonymous_28)","decl":{"start":{"line":142,"column":34},"end":{"line":142,"column":35}},"loc":{"start":{"line":142,"column":48},"end":{"line":148,"column":3}},"line":142},"29":{"name":"(anonymous_29)","decl":{"start":{"line":143,"column":101},"end":{"line":143,"column":102}},"loc":{"start":{"line":143,"column":121},"end":{"line":147,"column":5}},"line":143},"30":{"name":"(anonymous_30)","decl":{"start":{"line":149,"column":54},"end":{"line":149,"column":55}},"loc":{"start":{"line":149,"column":68},"end":{"line":156,"column":3}},"line":149},"31":{"name":"(anonymous_31)","decl":{"start":{"line":151,"column":101},"end":{"line":151,"column":102}},"loc":{"start":{"line":151,"column":121},"end":{"line":155,"column":5}},"line":151},"32":{"name":"(anonymous_32)","decl":{"start":{"line":157,"column":52},"end":{"line":157,"column":53}},"loc":{"start":{"line":157,"column":66},"end":{"line":164,"column":3}},"line":157},"33":{"name":"(anonymous_33)","decl":{"start":{"line":159,"column":96},"end":{"line":159,"column":97}},"loc":{"start":{"line":159,"column":116},"end":{"line":163,"column":5}},"line":159},"34":{"name":"(anonymous_34)","decl":{"start":{"line":166,"column":40},"end":{"line":166,"column":41}},"loc":{"start":{"line":166,"column":52},"end":{"line":377,"column":1}},"line":166},"35":{"name":"(anonymous_35)","decl":{"start":{"line":168,"column":39},"end":{"line":168,"column":40}},"loc":{"start":{"line":168,"column":53},"end":{"line":175,"column":3}},"line":168},"36":{"name":"(anonymous_36)","decl":{"start":{"line":169,"column":70},"end":{"line":169,"column":71}},"loc":{"start":{"line":169,"column":90},"end":{"line":174,"column":5}},"line":169},"37":{"name":"(anonymous_37)","decl":{"start":{"line":176,"column":33},"end":{"line":176,"column":34}},"loc":{"start":{"line":176,"column":47},"end":{"line":211,"column":3}},"line":176},"38":{"name":"(anonymous_38)","decl":{"start":{"line":187,"column":93},"end":{"line":187,"column":94}},"loc":{"start":{"line":187,"column":113},"end":{"line":210,"column":5}},"line":187},"39":{"name":"(anonymous_39)","decl":{"start":{"line":190,"column":91},"end":{"line":190,"column":92}},"loc":{"start":{"line":190,"column":111},"end":{"line":209,"column":7}},"line":190},"40":{"name":"(anonymous_40)","decl":{"start":{"line":212,"column":65},"end":{"line":212,"column":66}},"loc":{"start":{"line":212,"column":79},"end":{"line":225,"column":3}},"line":212},"41":{"name":"(anonymous_41)","decl":{"start":{"line":220,"column":89},"end":{"line":220,"column":90}},"loc":{"start":{"line":220,"column":109},"end":{"line":224,"column":5}},"line":220},"42":{"name":"(anonymous_42)","decl":{"start":{"line":226,"column":62},"end":{"line":226,"column":63}},"loc":{"start":{"line":226,"column":76},"end":{"line":236,"column":3}},"line":226},"43":{"name":"(anonymous_43)","decl":{"start":{"line":231,"column":89},"end":{"line":231,"column":90}},"loc":{"start":{"line":231,"column":109},"end":{"line":235,"column":5}},"line":231},"44":{"name":"(anonymous_44)","decl":{"start":{"line":237,"column":57},"end":{"line":237,"column":58}},"loc":{"start":{"line":237,"column":71},"end":{"line":250,"column":3}},"line":237},"45":{"name":"(anonymous_45)","decl":{"start":{"line":245,"column":89},"end":{"line":245,"column":90}},"loc":{"start":{"line":245,"column":109},"end":{"line":249,"column":5}},"line":245},"46":{"name":"(anonymous_46)","decl":{"start":{"line":251,"column":54},"end":{"line":251,"column":55}},"loc":{"start":{"line":251,"column":68},"end":{"line":264,"column":3}},"line":251},"47":{"name":"(anonymous_47)","decl":{"start":{"line":259,"column":89},"end":{"line":259,"column":90}},"loc":{"start":{"line":259,"column":109},"end":{"line":263,"column":5}},"line":259},"48":{"name":"(anonymous_48)","decl":{"start":{"line":265,"column":32},"end":{"line":265,"column":33}},"loc":{"start":{"line":265,"column":46},"end":{"line":273,"column":3}},"line":265},"49":{"name":"(anonymous_49)","decl":{"start":{"line":266,"column":77},"end":{"line":266,"column":78}},"loc":{"start":{"line":266,"column":97},"end":{"line":272,"column":5}},"line":266},"50":{"name":"(anonymous_50)","decl":{"start":{"line":274,"column":40},"end":{"line":274,"column":41}},"loc":{"start":{"line":274,"column":54},"end":{"line":285,"column":3}},"line":274},"51":{"name":"(anonymous_51)","decl":{"start":{"line":275,"column":94},"end":{"line":275,"column":95}},"loc":{"start":{"line":275,"column":114},"end":{"line":284,"column":5}},"line":275},"52":{"name":"(anonymous_52)","decl":{"start":{"line":286,"column":60},"end":{"line":286,"column":61}},"loc":{"start":{"line":286,"column":74},"end":{"line":293,"column":3}},"line":286},"53":{"name":"(anonymous_53)","decl":{"start":{"line":288,"column":96},"end":{"line":288,"column":97}},"loc":{"start":{"line":288,"column":116},"end":{"line":292,"column":5}},"line":288},"54":{"name":"(anonymous_54)","decl":{"start":{"line":294,"column":58},"end":{"line":294,"column":59}},"loc":{"start":{"line":294,"column":72},"end":{"line":301,"column":3}},"line":294},"55":{"name":"(anonymous_55)","decl":{"start":{"line":296,"column":91},"end":{"line":296,"column":92}},"loc":{"start":{"line":296,"column":111},"end":{"line":300,"column":5}},"line":296},"56":{"name":"(anonymous_56)","decl":{"start":{"line":302,"column":32},"end":{"line":302,"column":33}},"loc":{"start":{"line":302,"column":46},"end":{"line":311,"column":3}},"line":302},"57":{"name":"(anonymous_57)","decl":{"start":{"line":306,"column":112},"end":{"line":306,"column":113}},"loc":{"start":{"line":306,"column":132},"end":{"line":310,"column":5}},"line":306},"58":{"name":"(anonymous_58)","decl":{"start":{"line":312,"column":52},"end":{"line":312,"column":53}},"loc":{"start":{"line":312,"column":66},"end":{"line":322,"column":3}},"line":312},"59":{"name":"(anonymous_59)","decl":{"start":{"line":317,"column":116},"end":{"line":317,"column":117}},"loc":{"start":{"line":317,"column":136},"end":{"line":321,"column":5}},"line":317},"60":{"name":"(anonymous_60)","decl":{"start":{"line":323,"column":48},"end":{"line":323,"column":49}},"loc":{"start":{"line":323,"column":62},"end":{"line":333,"column":3}},"line":323},"61":{"name":"(anonymous_61)","decl":{"start":{"line":328,"column":109},"end":{"line":328,"column":110}},"loc":{"start":{"line":328,"column":129},"end":{"line":332,"column":5}},"line":328},"62":{"name":"(anonymous_62)","decl":{"start":{"line":334,"column":57},"end":{"line":334,"column":58}},"loc":{"start":{"line":334,"column":71},"end":{"line":343,"column":3}},"line":334},"63":{"name":"(anonymous_63)","decl":{"start":{"line":338,"column":112},"end":{"line":338,"column":113}},"loc":{"start":{"line":338,"column":132},"end":{"line":342,"column":5}},"line":338},"64":{"name":"(anonymous_64)","decl":{"start":{"line":344,"column":54},"end":{"line":344,"column":55}},"loc":{"start":{"line":344,"column":68},"end":{"line":353,"column":3}},"line":344},"65":{"name":"(anonymous_65)","decl":{"start":{"line":348,"column":112},"end":{"line":348,"column":113}},"loc":{"start":{"line":348,"column":132},"end":{"line":352,"column":5}},"line":348},"66":{"name":"(anonymous_66)","decl":{"start":{"line":354,"column":32},"end":{"line":354,"column":33}},"loc":{"start":{"line":354,"column":46},"end":{"line":360,"column":3}},"line":354},"67":{"name":"(anonymous_67)","decl":{"start":{"line":355,"column":97},"end":{"line":355,"column":98}},"loc":{"start":{"line":355,"column":117},"end":{"line":359,"column":5}},"line":355},"68":{"name":"(anonymous_68)","decl":{"start":{"line":361,"column":52},"end":{"line":361,"column":53}},"loc":{"start":{"line":361,"column":66},"end":{"line":368,"column":3}},"line":361},"69":{"name":"(anonymous_69)","decl":{"start":{"line":363,"column":99},"end":{"line":363,"column":100}},"loc":{"start":{"line":363,"column":119},"end":{"line":367,"column":5}},"line":363},"70":{"name":"(anonymous_70)","decl":{"start":{"line":369,"column":50},"end":{"line":369,"column":51}},"loc":{"start":{"line":369,"column":64},"end":{"line":376,"column":3}},"line":369},"71":{"name":"(anonymous_71)","decl":{"start":{"line":371,"column":94},"end":{"line":371,"column":95}},"loc":{"start":{"line":371,"column":114},"end":{"line":375,"column":5}},"line":371}},"branchMap":{"0":{"loc":{"start":{"line":19,"column":12},"end":{"line":19,"column":72}},"type":"cond-expr","locations":[{"start":{"line":19,"column":30},"end":{"line":19,"column":56}},{"start":{"line":19,"column":59},"end":{"line":19,"column":72}}],"line":19}},"s":{"0":1,"1":1,"2":1,"3":1,"4":0,"5":0,"6":0,"7":0,"8":0,"9":0,"10":0,"11":0,"12":0,"13":0,"14":0,"15":0,"16":0,"17":0,"18":0,"19":0,"20":0,"21":0,"22":0,"23":0,"24":0,"25":0,"26":0,"27":0,"28":0,"29":0,"30":0,"31":0,"32":0,"33":0,"34":0,"35":0,"36":0,"37":0,"38":0,"39":0,"40":0,"41":0,"42":0,"43":0,"44":0,"45":0,"46":0,"47":0,"48":0,"49":0,"50":0,"51":0,"52":0,"53":0,"54":0,"55":0,"56":0,"57":0,"58":0,"59":0,"60":0,"61":0,"62":0,"63":0,"64":0,"65":0,"66":0,"67":0,"68":0,"69":0,"70":0,"71":0,"72":0,"73":0,"74":0,"75":0,"76":0,"77":0,"78":0,"79":0,"80":0,"81":0,"82":0,"83":0,"84":0,"85":0,"86":0,"87":0,"88":0,"89":0,"90":0,"91":0,"92":0,"93":0,"94":0,"95":0,"96":0,"97":0,"98":0,"99":0,"100":0,"101":0,"102":0,"103":0,"104":0,"105":0,"106":0,"107":0,"108":0,"109":0,"110":0,"111":0,"112":0,"113":0,"114":0,"115":0,"116":0,"117":0,"118":0,"119":0,"120":0,"121":0,"122":0,"123":0,"124":0,"125":0,"126":0,"127":0,"128":0,"129":0,"130":0,"131":0,"132":0,"133":0,"134":0,"135":0,"136":0,"137":0,"138":0,"139":0,"140":0,"141":0,"142":0,"143":0,"144":0,"145":0,"146":0,"147":0,"148":0,"149":0,"150":0,"151":0,"152":0,"153":0,"154":0,"155":0,"156":0,"157":0,"158":0,"159":0,"160":0,"161":0,"162":0,"163":0,"164":0,"165":0,"166":0,"167":0,"168":0,"169":0,"170":0,"171":0,"172":0,"173":0,"174":0,"175":0,"176":0,"177":0,"178":0,"179":0,"180":0,"181":0,"182":0,"183":0,"184":0,"185":0,"186":0,"187":0,"188":0,"189":0,"190":0,"191":0,"192":0,"193":0,"194":0,"195":0,"196":0,"197":0,"198":0,"199":0,"200":0,"201":0,"202":0,"203":0,"204":0,"205":0,"206":0,"207":0,"208":0,"209":0,"210":0,"211":0,"212":0,"213":0,"214":0,"215":0,"216":0,"217":0,"218":0,"219":0,"220":0,"221":0,"222":0,"223":0,"224":0,"225":0,"226":0,"227":0,"228":0},"f":{"0":0,"1":0,"2":0,"3":0,"4":0,"5":0,"6":0,"7":0,"8":0,"9":0,"10":0,"11":0,"12":0,"13":0,"14":0,"15":0,"16":0,"17":0,"18":0,"19":0,"20":0,"21":0,"22":0,"23":0,"24":0,"25":0,"26":0,"27":0,"28":0,"29":0,"30":0,"31":0,"32":0,"33":0,"34":0,"35":0,"36":0,"37":0,"38":0,"39":0,"40":0,"41":0,"42":0,"43":0,"44":0,"45":0,"46":0,"47":0,"48":0,"49":0,"50":0,"51":0,"52":0,"53":0,"54":0,"55":0,"56":0,"57":0,"58":0,"59":0,"60":0,"61":0,"62":0,"63":0,"64":0,"65":0,"66":0,"67":0,"68":0,"69":0,"70":0,"71":0},"b":{"0":[0,0]},"inputSourceMap":{"version":3,"sources":["test.js"],"names":["chai","require","chatHttp","app","waterfall","use","expect","uuid","replace","value_x","r","Math","random","toString","describe","it","cb","request","get","set","end","err","res","status","to","equal","body","should","have","property","eql","author_id","data","name","description","post","send","include","descriptions","not","lengthOf","random_id","updatedData","put","random_uuid","delete","book_id","author","book","title","genre","rating","rate"],"mappings":";;AAAA,IAAMA,IAAI,GAAGC,OAAO,CAAC,MAAD,CAApB;;AACA,IAAMC,QAAQ,GAAGD,OAAO,CAAC,WAAD,CAAxB;;AACAA,OAAO,CAAC,sBAAD,CAAP;;AACA,IAAME,GAAG,GAAIF,OAAO,CAAC,eAAD,CAApB;;eACqBA,OAAO,CAAC,OAAD,C;IAArBG,S,YAAAA,S;;AAEPJ,IAAI,CAACK,GAAL,CAASH,QAAT;IAEOI,M,GAAUN,I,CAAVM,M;;AAEP,IAAMC,IAAI,GAAG,SAAPA,IAAO;AAAA,SAAM,uCAAuCC,OAAvC,CAA+C,OAA/C,EAClB,UAACC,OAAD,EAAUC,CAAV;AAAA,WAAgB,CAAC,QAAQD,OAAR,GAAmBC,CAAC,GAAGC,IAAI,CAACC,MAAL,KAAgB,EAAhB,GAAqB,CAA5C,GAAkDF,CAAC,GAAG,GAAJ,GAAU,GAA7D,EAAmEG,QAAnE,CAA4E,EAA5E,CAAhB;AAAA,GADkB,CAAN;AAAA,CAAb;;AAGAC,QAAQ,CAAC,cAAD,EAAiB,YAAM;AAC9BC,EAAAA,EAAE,CAAC,oBAAD,EAAuB,UAAAC,EAAE,EAAI;AAC9BhB,IAAAA,IAAI,CAACiB,OAAL,CAAad,GAAb,EACEe,GADF,CACM,MADN,EAEEC,GAFF,CAEM,QAFN,EAEgB,kBAFhB,EAGEC,GAHF,CAGM,UAACC,GAAD,EAAMC,GAAN,EAAc;AAClBhB,MAAAA,MAAM,CAACgB,GAAG,CAACC,MAAL,CAAN,CAAmBC,EAAnB,CAAsBC,KAAtB,CAA4B,GAA5B;AACAH,MAAAA,GAAG,CAACI,IAAJ,CAASC,MAAT,CAAgBC,IAAhB,CAAqBC,QAArB,CAA8B,SAA9B,EAAyCC,GAAzC,CAA6C,sBAA7C;AACAd,MAAAA,EAAE;AACF,KAPF;AAQA,GATC,CAAF;AAUA,CAXO,CAAR;AAaAF,QAAQ,CAAC,+BAAD,EAAkC,YAAM;AAC/C,MAAIiB,SAAJ;AAEAhB,EAAAA,EAAE,CAAC,kCAAD,EAAqC,UAAAC,EAAE,EAAI;AAC5ChB,IAAAA,IAAI,CAACiB,OAAL,CAAad,GAAb,EACEe,GADF,CACM,aADN,EAEEC,GAFF,CAEM,QAFN,EAEgB,kBAFhB,EAGEC,GAHF,CAGM,UAACC,GAAD,EAAMC,GAAN,EAAc;AAClBhB,MAAAA,MAAM,CAACgB,GAAG,CAACC,MAAL,CAAN,CAAmBC,EAAnB,CAAsBC,KAAtB,CAA4B,GAA5B;AACAH,MAAAA,GAAG,CAACI,IAAJ,CAASC,MAAT,CAAgBC,IAAhB,CAAqBC,QAArB,CAA8B,QAA9B,EAAwCC,GAAxC,CAA4C,SAA5C;AACAR,MAAAA,GAAG,CAACI,IAAJ,CAASC,MAAT,CAAgBC,IAAhB,CAAqBC,QAArB,CAA8B,SAA9B,EAAyCC,GAAzC,CAA6C,iBAA7C;AACAd,MAAAA,EAAE;AACF,KARF;AASA,GAVC,CAAF;AAYAD,EAAAA,EAAE,CAAC,4BAAD,EAA+B,UAAAC,EAAE,EAAI;AACtC,QAAMgB,IAAI,GAAG;AAACC,MAAAA,IAAI,EAAE,oBAAP;AAA6BC,MAAAA,WAAW,EAAE;AAA1C,KAAb;AACAlC,IAAAA,IAAI,CAACiB,OAAL,CAAad,GAAb,EACEgC,IADF,CACO,aADP,EAEEhB,GAFF,CAEM,QAFN,EAEgB,kBAFhB,EAGEiB,IAHF,CAGOJ,IAHP,EAIEZ,GAJF,CAIM,UAACC,GAAD,EAAMC,GAAN,EAAc;AAClBhB,MAAAA,MAAM,CAACgB,GAAG,CAACC,MAAL,CAAN,CAAmBC,EAAnB,CAAsBC,KAAtB,CAA4B,GAA5B;AACAnB,MAAAA,MAAM,CAACgB,GAAG,CAACI,IAAJ,CAASM,IAAV,CAAN,CAAsBR,EAAtB,CAAyBa,OAAzB,CAAiC;AAACJ,QAAAA,IAAI,EAAED,IAAI,CAACC;AAAZ,OAAjC;AACAF,MAAAA,SAAS,GAAGT,GAAG,CAACI,IAAJ,CAASM,IAAT,CAAcD,SAA1B;AACAf,MAAAA,EAAE;AACF,KATF;AAUA,GAZC,CAAF;AAcAD,EAAAA,EAAE,CAAC,0DAAD,EAA6D,UAAAC,EAAE,EAAI;AACpE,QAAMgB,IAAI,GAAG;AAACC,MAAAA,IAAI,EAAE,oBAAP;AAA6BK,MAAAA,YAAY,EAAE;AAA3C,KAAb;AACAtC,IAAAA,IAAI,CAACiB,OAAL,CAAad,GAAb,EACEgC,IADF,CACO,aADP,EAEEhB,GAFF,CAEM,QAFN,EAEgB,kBAFhB,EAGEiB,IAHF,CAGOJ,IAHP,EAIEZ,GAJF,CAIM,UAACC,GAAD,EAAMC,GAAN,EAAc;AAClBhB,MAAAA,MAAM,CAACgB,GAAG,CAACC,MAAL,CAAN,CAAmBC,EAAnB,CAAsBC,KAAtB,CAA4B,GAA5B;AACAH,MAAAA,GAAG,CAACI,IAAJ,CAASC,MAAT,CAAgBC,IAAhB,CAAqBC,QAArB,CAA8B,SAA9B,EAAyCC,GAAzC,CAA6C,wBAA7C;AACAd,MAAAA,EAAE;AACF,KARF;AASA,GAXC,CAAF;AAaAD,EAAAA,EAAE,CAAC,uDAAD,EAA0D,UAAAC,EAAE,EAAI;AACjE,QAAMgB,IAAI,GAAG;AAACC,MAAAA,IAAI,EAAE;AAAP,KAAb;AACAjC,IAAAA,IAAI,CAACiB,OAAL,CAAad,GAAb,EACEgC,IADF,CACO,aADP,EAEEhB,GAFF,CAEM,QAFN,EAEgB,kBAFhB,EAGEiB,IAHF,CAGOJ,IAHP,EAIEZ,GAJF,CAIM,UAACC,GAAD,EAAMC,GAAN,EAAc;AAClBhB,MAAAA,MAAM,CAACgB,GAAG,CAACC,MAAL,CAAN,CAAmBC,EAAnB,CAAsBC,KAAtB,CAA4B,GAA5B;AACAH,MAAAA,GAAG,CAACI,IAAJ,CAASC,MAAT,CAAgBC,IAAhB,CAAqBC,QAArB,CAA8B,SAA9B,EAAyCC,GAAzC,CAA6C,wBAA7C;AACAd,MAAAA,EAAE;AACF,KARF;AASA,GAXC,CAAF;AAaAD,EAAAA,EAAE,CAAC,2BAAD,EAA8B,UAAAC,EAAE,EAAI;AACrChB,IAAAA,IAAI,CAACiB,OAAL,CAAad,GAAb,EACEe,GADF,CACM,aADN,EAEEC,GAFF,CAEM,QAFN,EAEgB,kBAFhB,EAGEC,GAHF,CAGM,UAACC,GAAD,EAAMC,GAAN,EAAc;AAClBhB,MAAAA,MAAM,CAACgB,GAAG,CAACC,MAAL,CAAN,CAAmBC,EAAnB,CAAsBC,KAAtB,CAA4B,GAA5B;AACAH,MAAAA,GAAG,CAACI,IAAJ,CAASC,MAAT,CAAgBC,IAAhB,CAAqBC,QAArB,CAA8B,QAA9B,EAAwCC,GAAxC,CAA4C,SAA5C;AACAR,MAAAA,GAAG,CAACI,IAAJ,CAASC,MAAT,CAAgBC,IAAhB,CAAqBC,QAArB,CAA8B,SAA9B,EAAyCC,GAAzC,CAA6C,kBAA7C;AACAxB,MAAAA,MAAM,CAACgB,GAAG,CAACI,IAAJ,CAASM,IAAV,CAAN,CAAsBR,EAAtB,CAAyBe,GAAzB,CAA6BX,IAA7B,CAAkCY,QAAlC,CAA2C,CAA3C;AACAxB,MAAAA,EAAE;AACF,KATF;AAUA,GAXC,CAAF;AAaAD,EAAAA,EAAE,CAAC,mCAAD,EAAsC,UAAAC,EAAE,EAAI;AAC7ChB,IAAAA,IAAI,CAACiB,OAAL,CAAad,GAAb,EACEe,GADF,uBACqBa,SADrB,GAEEZ,GAFF,CAEM,QAFN,EAEgB,kBAFhB,EAGEC,GAHF,CAGM,UAACC,GAAD,EAAMC,GAAN,EAAc;AAClBhB,MAAAA,MAAM,CAACgB,GAAG,CAACC,MAAL,CAAN,CAAmBC,EAAnB,CAAsBC,KAAtB,CAA4B,GAA5B;AACAH,MAAAA,GAAG,CAACI,IAAJ,CAASC,MAAT,CAAgBC,IAAhB,CAAqBC,QAArB,CAA8B,SAA9B,EAAyCC,GAAzC,CAA6C,cAA7C;AACAR,MAAAA,GAAG,CAACI,IAAJ,CAASM,IAAT,CAAcL,MAAd,CAAqBC,IAArB,CAA0BC,QAA1B,CAAmC,MAAnC;AACAb,MAAAA,EAAE;AACF,KARF;AASA,GAVC,CAAF;AAYAD,EAAAA,EAAE,CAAC,uDAAD,EAA0D,UAAAC,EAAE,EAAI;AACjE,QAAIyB,SAAS,GAAGlC,IAAI,EAApB;AACAP,IAAAA,IAAI,CAACiB,OAAL,CAAad,GAAb,EACEe,GADF,uBACqBuB,SADrB,GAEEtB,GAFF,CAEM,QAFN,EAEgB,kBAFhB,EAGEC,GAHF,CAGM,UAACC,GAAD,EAAMC,GAAN,EAAc;AAClBhB,MAAAA,MAAM,CAACgB,GAAG,CAACC,MAAL,CAAN,CAAmBC,EAAnB,CAAsBC,KAAtB,CAA4B,GAA5B;AACAH,MAAAA,GAAG,CAACI,IAAJ,CAASC,MAAT,CAAgBC,IAAhB,CAAqBC,QAArB,CAA8B,SAA9B,EACEC,GADF,8BAC4BW,SAD5B;AAEAzB,MAAAA,EAAE;AACF,KARF;AASA,GAXC,CAAF;AAaAD,EAAAA,EAAE,CAAC,qDAAD,EAAwD,UAAAC,EAAE,EAAI;AAC/D,QAAMT,IAAI,GAAG,cAAb;AACAP,IAAAA,IAAI,CAACiB,OAAL,CAAad,GAAb,EACEe,GADF,uBACqBX,IADrB,GAEEY,GAFF,CAEM,QAFN,EAEgB,kBAFhB,EAGEC,GAHF,CAGM,UAACC,GAAD,EAAMC,GAAN,EAAc;AAClBhB,MAAAA,MAAM,CAACgB,GAAG,CAACC,MAAL,CAAN,CAAmBC,EAAnB,CAAsBC,KAAtB,CAA4B,GAA5B;AACAH,MAAAA,GAAG,CAACI,IAAJ,CAASC,MAAT,CAAgBC,IAAhB,CAAqBC,QAArB,CAA8B,SAA9B,EAAyCC,GAAzC,CAA6C,cAA7C;AACAd,MAAAA,EAAE;AACF,KAPF;AAQA,GAVC,CAAF;AAYAD,EAAAA,EAAE,CAAC,2BAAD,EAA8B,UAAAC,EAAE,EAAI;AACrC,QAAM0B,WAAW,GAAG;AAACR,MAAAA,WAAW,EAAE;AAAd,KAApB;AACAlC,IAAAA,IAAI,CAACiB,OAAL,CAAad,GAAb,EACEwC,GADF,uBACqBZ,SADrB,GAEEZ,GAFF,CAEM,QAFN,EAEgB,kBAFhB,EAGEiB,IAHF,CAGOM,WAHP,EAIEtB,GAJF,CAIM,UAACC,GAAD,EAAMC,GAAN,EAAc;AAClBhB,MAAAA,MAAM,CAACgB,GAAG,CAACC,MAAL,CAAN,CAAmBC,EAAnB,CAAsBC,KAAtB,CAA4B,GAA5B;AACAnB,MAAAA,MAAM,CAACgB,GAAG,CAACI,IAAJ,CAASM,IAAT,CAAcE,WAAf,CAAN,CAAkCT,KAAlC,CAAwCiB,WAAW,CAACR,WAApD;AACAlB,MAAAA,EAAE;AACF,KARF;AASA,GAXC,CAAF;AAaAD,EAAAA,EAAE,CAAC,+CAAD,EAAkD,UAAAC,EAAE,EAAI;AACzD,QAAI4B,WAAW,GAAGrC,IAAI,EAAtB;AACA,QAAMmC,WAAW,GAAG;AAACR,MAAAA,WAAW,EAAE;AAAd,KAApB;AACAlC,IAAAA,IAAI,CAACiB,OAAL,CAAad,GAAb,EACEwC,GADF,uBACqBC,WADrB,GAEEzB,GAFF,CAEM,QAFN,EAEgB,kBAFhB,EAGEiB,IAHF,CAGOM,WAHP,EAIEtB,GAJF,CAIM,UAACC,GAAD,EAAMC,GAAN,EAAc;AAClBhB,MAAAA,MAAM,CAACgB,GAAG,CAACC,MAAL,CAAN,CAAmBC,EAAnB,CAAsBC,KAAtB,CAA4B,GAA5B;AACAH,MAAAA,GAAG,CAACI,IAAJ,CAASC,MAAT,CAAgBC,IAAhB,CAAqBC,QAArB,CAA8B,SAA9B,EACEC,GADF,8BAC4Bc,WAD5B;AAEA5B,MAAAA,EAAE;AACF,KATF;AAUA,GAbC,CAAF;AAeAD,EAAAA,EAAE,CAAC,2CAAD,EAA8C,UAAAC,EAAE,EAAI;AACrD,QAAMT,IAAI,GAAG,cAAb;AACA,QAAMmC,WAAW,GAAG;AAACR,MAAAA,WAAW,EAAE;AAAd,KAApB;AACAlC,IAAAA,IAAI,CAACiB,OAAL,CAAad,GAAb,EACEwC,GADF,uBACqBpC,IADrB,GAEEY,GAFF,CAEM,QAFN,EAEgB,kBAFhB,EAGEiB,IAHF,CAGOM,WAHP,EAIEtB,GAJF,CAIM,UAACC,GAAD,EAAMC,GAAN,EAAc;AAClBhB,MAAAA,MAAM,CAACgB,GAAG,CAACC,MAAL,CAAN,CAAmBC,EAAnB,CAAsBC,KAAtB,CAA4B,GAA5B;AACAH,MAAAA,GAAG,CAACI,IAAJ,CAASC,MAAT,CAAgBC,IAAhB,CAAqBC,QAArB,CAA8B,SAA9B,EAAyCC,GAAzC,CAA6C,cAA7C;AACAd,MAAAA,EAAE;AACF,KARF;AASA,GAZC,CAAF;AAcAD,EAAAA,EAAE,CAAC,2BAAD,EAA8B,UAAAC,EAAE,EAAI;AACrChB,IAAAA,IAAI,CAACiB,OAAL,CAAad,GAAb,EACE0C,MADF,uBACwBd,SADxB,GAEEZ,GAFF,CAEM,QAFN,EAEgB,kBAFhB,EAGEC,GAHF,CAGM,UAACC,GAAD,EAAMC,GAAN,EAAc;AAClBhB,MAAAA,MAAM,CAACgB,GAAG,CAACC,MAAL,CAAN,CAAmBC,EAAnB,CAAsBC,KAAtB,CAA4B,GAA5B;AACAnB,MAAAA,MAAM,CAACgB,GAAG,CAACI,IAAJ,CAASM,IAAV,CAAN,CAAsBR,EAAtB,CAAyBa,OAAzB,CAAiC,EAAjC;AACArB,MAAAA,EAAE;AACF,KAPF;AAQA,GATC,CAAF;AAWAD,EAAAA,EAAE,CAAC,+CAAD,EAAkD,UAAAC,EAAE,EAAI;AACzD,QAAIyB,SAAS,GAAGlC,IAAI,EAApB;AACAP,IAAAA,IAAI,CAACiB,OAAL,CAAad,GAAb,EACE0C,MADF,uBACwBJ,SADxB,GAEEtB,GAFF,CAEM,QAFN,EAEgB,kBAFhB,EAGEC,GAHF,CAGM,UAACC,GAAD,EAAMC,GAAN,EAAc;AAClBhB,MAAAA,MAAM,CAACgB,GAAG,CAACC,MAAL,CAAN,CAAmBC,EAAnB,CAAsBC,KAAtB,CAA4B,GAA5B;AACAH,MAAAA,GAAG,CAACI,IAAJ,CAASC,MAAT,CAAgBC,IAAhB,CAAqBC,QAArB,CAA8B,SAA9B,EACEC,GADF,8BAC4BW,SAD5B;AAEAzB,MAAAA,EAAE;AACF,KARF;AASA,GAXC,CAAF;AAaAD,EAAAA,EAAE,CAAC,6CAAD,EAAgD,UAAAC,EAAE,EAAI;AACvD,QAAMT,IAAI,GAAG,cAAb;AACAP,IAAAA,IAAI,CAACiB,OAAL,CAAad,GAAb,EACE0C,MADF,uBACwBtC,IADxB,GAEEY,GAFF,CAEM,QAFN,EAEgB,kBAFhB,EAGEC,GAHF,CAGM,UAACC,GAAD,EAAMC,GAAN,EAAc;AAClBhB,MAAAA,MAAM,CAACgB,GAAG,CAACC,MAAL,CAAN,CAAmBC,EAAnB,CAAsBC,KAAtB,CAA4B,GAA5B;AACAH,MAAAA,GAAG,CAACI,IAAJ,CAASC,MAAT,CAAgBC,IAAhB,CAAqBC,QAArB,CAA8B,SAA9B,EAAyCC,GAAzC,CAA6C,cAA7C;AACAd,MAAAA,EAAE;AACF,KAPF;AAQA,GAVC,CAAF;AAWA,CAtLO,CAAR;AAwLAF,QAAQ,CAAC,6BAAD,EAAgC,YAAM;AAC7C,MAAIiB,SAAJ,EAAee,OAAf;AAEA/B,EAAAA,EAAE,CAAC,gCAAD,EAAmC,UAAAC,EAAE,EAAI;AAC1ChB,IAAAA,IAAI,CAACiB,OAAL,CAAad,GAAb,EACEe,GADF,CACM,WADN,EAEEC,GAFF,CAEM,QAFN,EAEgB,WAFhB,EAGEC,GAHF,CAGM,UAACC,GAAD,EAAMC,GAAN,EAAc;AAClBhB,MAAAA,MAAM,CAACgB,GAAG,CAACC,MAAL,CAAN,CAAmBC,EAAnB,CAAsBC,KAAtB,CAA4B,GAA5B;AACAH,MAAAA,GAAG,CAACI,IAAJ,CAASC,MAAT,CAAgBC,IAAhB,CAAqBC,QAArB,CAA8B,QAA9B,EAAwCC,GAAxC,CAA4C,SAA5C;AACAR,MAAAA,GAAG,CAACI,IAAJ,CAASC,MAAT,CAAgBC,IAAhB,CAAqBC,QAArB,CAA8B,SAA9B,EAAyCC,GAAzC,CAA6C,eAA7C;AACAd,MAAAA,EAAE;AACF,KARF;AASA,GAVC,CAAF;AAYAD,EAAAA,EAAE,CAAC,0BAAD,EAA6B,UAAAC,EAAE,EAAI;AACpC,QAAM+B,MAAM,GAAG;AAACd,MAAAA,IAAI,EAAE,oBAAP;AAA6BC,MAAAA,WAAW,EAAE;AAA1C,KAAf;AACA,QAAMc,IAAI,GAAG;AACZC,MAAAA,KAAK,EAAE,wBADK;AACqBC,MAAAA,KAAK,EAAE,UAD5B;AACwCC,MAAAA,MAAM,EAAE,CADhD;AAEZjB,MAAAA,WAAW,EAAE;AAFD,KAAb;AAIAlC,IAAAA,IAAI,CAACiB,OAAL,CAAad,GAAb,EACEgC,IADF,CACO,aADP,EAEEhB,GAFF,CAEM,QAFN,EAEgB,kBAFhB,EAGEiB,IAHF,CAGOW,MAHP,EAIE3B,GAJF,CAIM,UAACC,GAAD,EAAMC,GAAN,EAAc;AAClBS,MAAAA,SAAS,GAAGT,GAAG,CAACI,IAAJ,CAASM,IAAT,CAAcD,SAA1B;AACAiB,MAAAA,IAAI,CAACjB,SAAL,GAAiBA,SAAjB;AACA/B,MAAAA,IAAI,CAACiB,OAAL,CAAad,GAAb,EACEgC,IADF,CACO,WADP,EAEEhB,GAFF,CAEM,QAFN,EAEgB,kBAFhB,EAGEiB,IAHF,CAGOY,IAHP,EAIE5B,GAJF,CAIM,UAACC,GAAD,EAAMC,GAAN,EAAc;AAClBhB,QAAAA,MAAM,CAACgB,GAAG,CAACC,MAAL,CAAN,CAAmBC,EAAnB,CAAsBC,KAAtB,CAA4B,GAA5B;AACAnB,QAAAA,MAAM,CAACgB,GAAG,CAACI,IAAJ,CAASM,IAAV,CAAN,CAAsBR,EAAtB,CAAyBa,OAAzB,CAAiC;AAACY,UAAAA,KAAK,EAAED,IAAI,CAACC;AAAb,SAAjC;AACA3C,QAAAA,MAAM,CAACgB,GAAG,CAACI,IAAJ,CAASM,IAAV,CAAN,CAAsBR,EAAtB,CAAyBa,OAAzB,CAAiC;AAACa,UAAAA,KAAK,EAAEF,IAAI,CAACE;AAAb,SAAjC;AACA5C,QAAAA,MAAM,CAACgB,GAAG,CAACI,IAAJ,CAASM,IAAV,CAAN,CAAsBR,EAAtB,CAAyBa,OAAzB,CAAiC;AAACH,UAAAA,WAAW,EAAEc,IAAI,CAACd;AAAnB,SAAjC;AACA5B,QAAAA,MAAM,CAACgB,GAAG,CAACI,IAAJ,CAASM,IAAV,CAAN,CAAsBR,EAAtB,CAAyBa,OAAzB,CAAiC;AAACN,UAAAA,SAAS,EAAEiB,IAAI,CAACjB;AAAjB,SAAjC;AACAzB,QAAAA,MAAM,CAACgB,GAAG,CAACI,IAAJ,CAASM,IAAV,CAAN,CAAsBR,EAAtB,CAAyBa,OAAzB,CAAiC;AAACc,UAAAA,MAAM,EAAEH,IAAI,CAACG;AAAd,SAAjC;AACAL,QAAAA,OAAO,GAAGxB,GAAG,CAACI,IAAJ,CAASM,IAAT,CAAcc,OAAxB;AACA9B,QAAAA,EAAE;AACF,OAbF;AAeA,KAtBF;AAuBA,GA7BC,CAAF;AA+BAD,EAAAA,EAAE,CAAC,0DAAD,EAA6D,UAAAC,EAAE,EAAI;AACpE,QAAMgB,IAAI,GAAG;AAACiB,MAAAA,KAAK,EAAE,iBAAR;AAA2BC,MAAAA,KAAK,EAAE,aAAlC;AAAiDE,MAAAA,IAAI,EAAE,CAAvD;AAA0Dd,MAAAA,YAAY,EAAE,MAAxE;AAAgFP,MAAAA,SAAS,EAATA;AAAhF,KAAb;AACA/B,IAAAA,IAAI,CAACiB,OAAL,CAAad,GAAb,EACEgC,IADF,CACO,WADP,EAEEhB,GAFF,CAEM,QAFN,EAEgB,kBAFhB,EAGEiB,IAHF,CAGOJ,IAHP,EAIEZ,GAJF,CAIM,UAACC,GAAD,EAAMC,GAAN,EAAc;AAClBhB,MAAAA,MAAM,CAACgB,GAAG,CAACC,MAAL,CAAN,CAAmBC,EAAnB,CAAsBC,KAAtB,CAA4B,GAA5B;AACAH,MAAAA,GAAG,CAACI,IAAJ,CAASC,MAAT,CAAgBC,IAAhB,CAAqBC,QAArB,CAA8B,SAA9B,EAAyCC,GAAzC,CAA6C,wBAA7C;AACAd,MAAAA,EAAE;AACF,KARF;AASA,GAXC,CAAF;AAaAD,EAAAA,EAAE,CAAC,uDAAD,EAA0D,UAAAC,EAAE,EAAI;AACjE,QAAMgB,IAAI,GAAG;AAACiB,MAAAA,KAAK,EAAE,4BAAR;AAAsClB,MAAAA,SAAS,EAATA;AAAtC,KAAb;AACA/B,IAAAA,IAAI,CAACiB,OAAL,CAAad,GAAb,EACEgC,IADF,CACO,WADP,EAEEhB,GAFF,CAEM,QAFN,EAEgB,kBAFhB,EAGEiB,IAHF,CAGOJ,IAHP,EAIEZ,GAJF,CAIM,UAACC,GAAD,EAAMC,GAAN,EAAc;AAClBhB,MAAAA,MAAM,CAACgB,GAAG,CAACC,MAAL,CAAN,CAAmBC,EAAnB,CAAsBC,KAAtB,CAA4B,GAA5B;AACAH,MAAAA,GAAG,CAACI,IAAJ,CAASC,MAAT,CAAgBC,IAAhB,CAAqBC,QAArB,CAA8B,SAA9B,EAAyCC,GAAzC,CAA6C,wBAA7C;AACAd,MAAAA,EAAE;AACF,KARF;AASA,GAXC,CAAF;AAaAD,EAAAA,EAAE,CAAC,kDAAD,EAAqD,UAAAC,EAAE,EAAI;AAC5D,QAAMgB,IAAI,GAAG;AACZiB,MAAAA,KAAK,EAAE,wBADK;AACqBC,MAAAA,KAAK,EAAE,UAD5B;AACwCC,MAAAA,MAAM,EAAE,CADhD;AAEZjB,MAAAA,WAAW,EAAE,0FAFD;AAGZH,MAAAA,SAAS,EAAE;AAHC,KAAb;AAKA/B,IAAAA,IAAI,CAACiB,OAAL,CAAad,GAAb,EACEgC,IADF,CACO,WADP,EAEEhB,GAFF,CAEM,QAFN,EAEgB,kBAFhB,EAGEiB,IAHF,CAGOJ,IAHP,EAIEZ,GAJF,CAIM,UAACC,GAAD,EAAMC,GAAN,EAAc;AAClBhB,MAAAA,MAAM,CAACgB,GAAG,CAACC,MAAL,CAAN,CAAmBC,EAAnB,CAAsBC,KAAtB,CAA4B,GAA5B;AACAH,MAAAA,GAAG,CAACI,IAAJ,CAASC,MAAT,CAAgBC,IAAhB,CAAqBC,QAArB,CAA8B,SAA9B,EAAyCC,GAAzC,CAA6C,qBAA7C;AACAd,MAAAA,EAAE;AACF,KARF;AASA,GAfC,CAAF;AAiBAD,EAAAA,EAAE,CAAC,+CAAD,EAAkD,UAAAC,EAAE,EAAI;AACzD,QAAMgB,IAAI,GAAG;AACZiB,MAAAA,KAAK,EAAE,wBADK;AACqBC,MAAAA,KAAK,EAAE,UAD5B;AACwCC,MAAAA,MAAM,EAAE,SADhD;AAC2DpB,MAAAA,SAAS,EAATA,SAD3D;AAEZG,MAAAA,WAAW,EAAE;AAFD,KAAb;AAIAlC,IAAAA,IAAI,CAACiB,OAAL,CAAad,GAAb,EACEgC,IADF,CACO,WADP,EAEEhB,GAFF,CAEM,QAFN,EAEgB,kBAFhB,EAGEiB,IAHF,CAGOJ,IAHP,EAIEZ,GAJF,CAIM,UAACC,GAAD,EAAMC,GAAN,EAAc;AAClBhB,MAAAA,MAAM,CAACgB,GAAG,CAACC,MAAL,CAAN,CAAmBC,EAAnB,CAAsBC,KAAtB,CAA4B,GAA5B;AACAH,MAAAA,GAAG,CAACI,IAAJ,CAASC,MAAT,CAAgBC,IAAhB,CAAqBC,QAArB,CAA8B,SAA9B,EAAyCC,GAAzC,CAA6C,sBAA7C;AACAd,MAAAA,EAAE;AACF,KARF;AASA,GAdC,CAAF;AAgBAD,EAAAA,EAAE,CAAC,yBAAD,EAA4B,UAAAC,EAAE,EAAI;AACnChB,IAAAA,IAAI,CAACiB,OAAL,CAAad,GAAb,EACEe,GADF,CACM,WADN,EAEEC,GAFF,CAEM,QAFN,EAEgB,kBAFhB,EAGEC,GAHF,CAGM,UAACC,GAAD,EAAMC,GAAN,EAAc;AAClBhB,MAAAA,MAAM,CAACgB,GAAG,CAACC,MAAL,CAAN,CAAmBC,EAAnB,CAAsBC,KAAtB,CAA4B,GAA5B;AACAH,MAAAA,GAAG,CAACI,IAAJ,CAASC,MAAT,CAAgBC,IAAhB,CAAqBC,QAArB,CAA8B,QAA9B,EAAwCC,GAAxC,CAA4C,SAA5C;AACAR,MAAAA,GAAG,CAACI,IAAJ,CAASC,MAAT,CAAgBC,IAAhB,CAAqBC,QAArB,CAA8B,SAA9B,EAAyCC,GAAzC,CAA6C,gBAA7C;AACAxB,MAAAA,MAAM,CAACgB,GAAG,CAACI,IAAJ,CAASM,IAAV,CAAN,CAAsBR,EAAtB,CAAyBe,GAAzB,CAA6BX,IAA7B,CAAkCY,QAAlC,CAA2C,CAA3C;AACAxB,MAAAA,EAAE;AACF,KATF;AAUA,GAXC,CAAF;AAaAD,EAAAA,EAAE,CAAC,iCAAD,EAAoC,UAAAC,EAAE,EAAI;AAC3ChB,IAAAA,IAAI,CAACiB,OAAL,CAAad,GAAb,EACEe,GADF,qBACmB4B,OADnB,GAEE3B,GAFF,CAEM,QAFN,EAEgB,kBAFhB,EAGEC,GAHF,CAGM,UAACC,GAAD,EAAMC,GAAN,EAAc;AAClBhB,MAAAA,MAAM,CAACgB,GAAG,CAACC,MAAL,CAAN,CAAmBC,EAAnB,CAAsBC,KAAtB,CAA4B,GAA5B;AACAH,MAAAA,GAAG,CAACI,IAAJ,CAASC,MAAT,CAAgBC,IAAhB,CAAqBC,QAArB,CAA8B,SAA9B,EAAyCC,GAAzC,CAA6C,YAA7C;AACAR,MAAAA,GAAG,CAACI,IAAJ,CAASM,IAAT,CAAcL,MAAd,CAAqBC,IAArB,CAA0BC,QAA1B,CAAmC,OAAnC;AACAP,MAAAA,GAAG,CAACI,IAAJ,CAASM,IAAT,CAAcL,MAAd,CAAqBC,IAArB,CAA0BC,QAA1B,CAAmC,OAAnC;AACAP,MAAAA,GAAG,CAACI,IAAJ,CAASM,IAAT,CAAcL,MAAd,CAAqBC,IAArB,CAA0BC,QAA1B,CAAmC,aAAnC;AACAP,MAAAA,GAAG,CAACI,IAAJ,CAASM,IAAT,CAAcL,MAAd,CAAqBC,IAArB,CAA0BC,QAA1B,CAAmC,QAAnC;AACAP,MAAAA,GAAG,CAACI,IAAJ,CAASM,IAAT,CAAcL,MAAd,CAAqBC,IAArB,CAA0BC,QAA1B,CAAmC,WAAnC;AACAb,MAAAA,EAAE;AACF,KAZF;AAaA,GAdC,CAAF;AAgBAD,EAAAA,EAAE,CAAC,qDAAD,EAAwD,UAAAC,EAAE,EAAI;AAC/D,QAAIyB,SAAS,GAAGlC,IAAI,EAApB;AACAP,IAAAA,IAAI,CAACiB,OAAL,CAAad,GAAb,EACEe,GADF,qBACmBuB,SADnB,GAEEtB,GAFF,CAEM,QAFN,EAEgB,kBAFhB,EAGEC,GAHF,CAGM,UAACC,GAAD,EAAMC,GAAN,EAAc;AAClBhB,MAAAA,MAAM,CAACgB,GAAG,CAACC,MAAL,CAAN,CAAmBC,EAAnB,CAAsBC,KAAtB,CAA4B,GAA5B;AACAH,MAAAA,GAAG,CAACI,IAAJ,CAASC,MAAT,CAAgBC,IAAhB,CAAqBC,QAArB,CAA8B,SAA9B,EACEC,GADF,4BAC0BW,SAD1B;AAEAzB,MAAAA,EAAE;AACF,KARF;AASA,GAXC,CAAF;AAaAD,EAAAA,EAAE,CAAC,mDAAD,EAAsD,UAAAC,EAAE,EAAI;AAC7D,QAAMT,IAAI,GAAG,cAAb;AACAP,IAAAA,IAAI,CAACiB,OAAL,CAAad,GAAb,EACEe,GADF,qBACmBX,IADnB,GAEEY,GAFF,CAEM,QAFN,EAEgB,kBAFhB,EAGEC,GAHF,CAGM,UAACC,GAAD,EAAMC,GAAN,EAAc;AAClBhB,MAAAA,MAAM,CAACgB,GAAG,CAACC,MAAL,CAAN,CAAmBC,EAAnB,CAAsBC,KAAtB,CAA4B,GAA5B;AACAH,MAAAA,GAAG,CAACI,IAAJ,CAASC,MAAT,CAAgBC,IAAhB,CAAqBC,QAArB,CAA8B,SAA9B,EAAyCC,GAAzC,CAA6C,cAA7C;AACAd,MAAAA,EAAE;AACF,KAPF;AAQA,GAVC,CAAF;AAYAD,EAAAA,EAAE,CAAC,yBAAD,EAA4B,UAAAC,EAAE,EAAI;AACnC,QAAM0B,WAAW,GAAG;AAACR,MAAAA,WAAW,EAAE;AAAd,KAApB;AACAlC,IAAAA,IAAI,CAACiB,OAAL,CAAad,GAAb,EACEwC,GADF,qBACmBG,OADnB,GAEE3B,GAFF,CAEM,QAFN,EAEgB,kBAFhB,EAGEiB,IAHF,CAGOM,WAHP,EAIEtB,GAJF,CAIM,UAACC,GAAD,EAAMC,GAAN,EAAc;AAClBhB,MAAAA,MAAM,CAACgB,GAAG,CAACC,MAAL,CAAN,CAAmBC,EAAnB,CAAsBC,KAAtB,CAA4B,GAA5B;AACAnB,MAAAA,MAAM,CAACgB,GAAG,CAACI,IAAJ,CAASM,IAAT,CAAcE,WAAf,CAAN,CAAkCT,KAAlC,CAAwCiB,WAAW,CAACR,WAApD;AACAlB,MAAAA,EAAE;AACF,KARF;AASA,GAXC,CAAF;AAaAD,EAAAA,EAAE,CAAC,6CAAD,EAAgD,UAAAC,EAAE,EAAI;AACvD,QAAI4B,WAAW,GAAGrC,IAAI,EAAtB;AACA,QAAMmC,WAAW,GAAG;AAACR,MAAAA,WAAW,EAAE;AAAd,KAApB;AACAlC,IAAAA,IAAI,CAACiB,OAAL,CAAad,GAAb,EACEwC,GADF,qBACmBC,WADnB,GAEEzB,GAFF,CAEM,QAFN,EAEgB,kBAFhB,EAGEiB,IAHF,CAGOM,WAHP,EAIEtB,GAJF,CAIM,UAACC,GAAD,EAAMC,GAAN,EAAc;AAClBhB,MAAAA,MAAM,CAACgB,GAAG,CAACC,MAAL,CAAN,CAAmBC,EAAnB,CAAsBC,KAAtB,CAA4B,GAA5B;AACAH,MAAAA,GAAG,CAACI,IAAJ,CAASC,MAAT,CAAgBC,IAAhB,CAAqBC,QAArB,CAA8B,SAA9B,EACEC,GADF,4BAC0Bc,WAD1B;AAEA5B,MAAAA,EAAE;AACF,KATF;AAUA,GAbC,CAAF;AAeAD,EAAAA,EAAE,CAAC,yCAAD,EAA4C,UAAAC,EAAE,EAAI;AACnD,QAAMT,IAAI,GAAG,cAAb;AACA,QAAMmC,WAAW,GAAG;AAACR,MAAAA,WAAW,EAAE;AAAd,KAApB;AACAlC,IAAAA,IAAI,CAACiB,OAAL,CAAad,GAAb,EACEwC,GADF,qBACmBpC,IADnB,GAEEY,GAFF,CAEM,QAFN,EAEgB,kBAFhB,EAGEiB,IAHF,CAGOM,WAHP,EAIEtB,GAJF,CAIM,UAACC,GAAD,EAAMC,GAAN,EAAc;AAClBhB,MAAAA,MAAM,CAACgB,GAAG,CAACC,MAAL,CAAN,CAAmBC,EAAnB,CAAsBC,KAAtB,CAA4B,GAA5B;AACAH,MAAAA,GAAG,CAACI,IAAJ,CAASC,MAAT,CAAgBC,IAAhB,CAAqBC,QAArB,CAA8B,SAA9B,EAAyCC,GAAzC,CAA6C,cAA7C;AACAd,MAAAA,EAAE;AACF,KARF;AASA,GAZC,CAAF;AAcAD,EAAAA,EAAE,CAAC,kDAAD,EAAqD,UAAAC,EAAE,EAAI;AAC5D,QAAM0B,WAAW,GAAG;AAACX,MAAAA,SAAS,EAAE;AAAZ,KAApB;AACA/B,IAAAA,IAAI,CAACiB,OAAL,CAAad,GAAb,EACEwC,GADF,qBACmBG,OADnB,GAEE3B,GAFF,CAEM,QAFN,EAEgB,kBAFhB,EAGEiB,IAHF,CAGOM,WAHP,EAIEtB,GAJF,CAIM,UAACC,GAAD,EAAMC,GAAN,EAAc;AAClBhB,MAAAA,MAAM,CAACgB,GAAG,CAACC,MAAL,CAAN,CAAmBC,EAAnB,CAAsBC,KAAtB,CAA4B,GAA5B;AACAH,MAAAA,GAAG,CAACI,IAAJ,CAASC,MAAT,CAAgBC,IAAhB,CAAqBC,QAArB,CAA8B,SAA9B,EAAyCC,GAAzC,CAA6C,qBAA7C;AACAd,MAAAA,EAAE;AACF,KARF;AASA,GAXC,CAAF;AAaAD,EAAAA,EAAE,CAAC,+CAAD,EAAkD,UAAAC,EAAE,EAAI;AACzD,QAAM0B,WAAW,GAAG;AAACS,MAAAA,MAAM,EAAE;AAAT,KAApB;AACAnD,IAAAA,IAAI,CAACiB,OAAL,CAAad,GAAb,EACEwC,GADF,qBACmBG,OADnB,GAEE3B,GAFF,CAEM,QAFN,EAEgB,kBAFhB,EAGEiB,IAHF,CAGOM,WAHP,EAIEtB,GAJF,CAIM,UAACC,GAAD,EAAMC,GAAN,EAAc;AAClBhB,MAAAA,MAAM,CAACgB,GAAG,CAACC,MAAL,CAAN,CAAmBC,EAAnB,CAAsBC,KAAtB,CAA4B,GAA5B;AACAH,MAAAA,GAAG,CAACI,IAAJ,CAASC,MAAT,CAAgBC,IAAhB,CAAqBC,QAArB,CAA8B,SAA9B,EAAyCC,GAAzC,CAA6C,sBAA7C;AACAd,MAAAA,EAAE;AACF,KARF;AASA,GAXC,CAAF;AAaAD,EAAAA,EAAE,CAAC,yBAAD,EAA4B,UAAAC,EAAE,EAAI;AACnChB,IAAAA,IAAI,CAACiB,OAAL,CAAad,GAAb,EACE0C,MADF,qBACsBC,OADtB,GAEE3B,GAFF,CAEM,QAFN,EAEgB,kBAFhB,EAGEC,GAHF,CAGM,UAACC,GAAD,EAAMC,GAAN,EAAc;AAClBhB,MAAAA,MAAM,CAACgB,GAAG,CAACC,MAAL,CAAN,CAAmBC,EAAnB,CAAsBC,KAAtB,CAA4B,GAA5B;AACAnB,MAAAA,MAAM,CAACgB,GAAG,CAACI,IAAJ,CAASM,IAAV,CAAN,CAAsBR,EAAtB,CAAyBa,OAAzB,CAAiC,EAAjC;AACArC,MAAAA,IAAI,CAACiB,OAAL,CAAad,GAAb,EACE0C,MADF,uBACwBd,SADxB,GAEEZ,GAFF,CAEM,QAFN,EAEgB,kBAFhB,EAGEC,GAHF,CAGMJ,EAHN;AAIA,KAVF;AAWA,GAZC,CAAF;AAcAD,EAAAA,EAAE,CAAC,6CAAD,EAAgD,UAAAC,EAAE,EAAI;AACvD,QAAIyB,SAAS,GAAGlC,IAAI,EAApB;AACAP,IAAAA,IAAI,CAACiB,OAAL,CAAad,GAAb,EACE0C,MADF,qBACsBJ,SADtB,GAEEtB,GAFF,CAEM,QAFN,EAEgB,kBAFhB,EAGEC,GAHF,CAGM,UAACC,GAAD,EAAMC,GAAN,EAAc;AAClBhB,MAAAA,MAAM,CAACgB,GAAG,CAACC,MAAL,CAAN,CAAmBC,EAAnB,CAAsBC,KAAtB,CAA4B,GAA5B;AACAH,MAAAA,GAAG,CAACI,IAAJ,CAASC,MAAT,CAAgBC,IAAhB,CAAqBC,QAArB,CAA8B,SAA9B,EACEC,GADF,4BAC0BW,SAD1B;AAEAzB,MAAAA,EAAE;AACF,KARF;AASA,GAXC,CAAF;AAaAD,EAAAA,EAAE,CAAC,2CAAD,EAA8C,UAAAC,EAAE,EAAI;AACrD,QAAMT,IAAI,GAAG,cAAb;AACAP,IAAAA,IAAI,CAACiB,OAAL,CAAad,GAAb,EACE0C,MADF,qBACsBtC,IADtB,GAEEY,GAFF,CAEM,QAFN,EAEgB,kBAFhB,EAGEC,GAHF,CAGM,UAACC,GAAD,EAAMC,GAAN,EAAc;AAClBhB,MAAAA,MAAM,CAACgB,GAAG,CAACC,MAAL,CAAN,CAAmBC,EAAnB,CAAsBC,KAAtB,CAA4B,GAA5B;AACAH,MAAAA,GAAG,CAACI,IAAJ,CAASC,MAAT,CAAgBC,IAAhB,CAAqBC,QAArB,CAA8B,SAA9B,EAAyCC,GAAzC,CAA6C,cAA7C;AACAd,MAAAA,EAAE;AACF,KAPF;AAQA,GAVC,CAAF;AAWA,CAzQO,CAAR","sourceRoot":"C:\\Users\\mi\\Documents\\GitHub\\Books\\src\\server\\test","sourcesContent":["const chai = require('chai');\r\nconst chatHttp = require('chai-http');\r\nrequire('chai/register-should');\r\nconst app =  require('../server-dev');\r\nconst {waterfall} =  require('async');\r\n\r\nchai.use(chatHttp);\r\n\r\nconst {expect} = chai;\r\n\r\nconst uuid = () => 'xxxxxxxx-xxxx-4xxx-yxxx-xxxxxxxxxxxx'.replace(/[xy]/g,\r\n\t(value_x, r) => ('x' === value_x ? (r = Math.random() * 16 | 0) : (r & 0x3 | 0x8)).toString(16));\r\n\r\ndescribe('Run testing:', () => {\r\n\tit('It should get api:', cb => {\r\n\t\tchai.request(app)\r\n\t\t\t.get('/api')\r\n\t\t\t.set('Accept', 'application/json')\r\n\t\t\t.end((err, res) => {\r\n\t\t\t\texpect(res.status).to.equal(200);\r\n\t\t\t\tres.body.should.have.property('message').eql('Welcome to this API!');\r\n\t\t\t\tcb();\r\n\t\t\t});\r\n\t});\r\n});\r\n\r\ndescribe('Testing the Author endpoints:', () => {\r\n\tlet author_id;\r\n\r\n\tit('It should get all authors (null)', cb => {\r\n\t\tchai.request(app)\r\n\t\t\t.get('/api/author')\r\n\t\t\t.set('Accept', 'application/json')\r\n\t\t\t.end((err, res) => {\r\n\t\t\t\texpect(res.status).to.equal(200);\r\n\t\t\t\tres.body.should.have.property('status').eql('success');\r\n\t\t\t\tres.body.should.have.property('message').eql('No Author found');\r\n\t\t\t\tcb();\r\n\t\t\t});\r\n\t});\r\n\r\n\tit('It should create an author', cb => {\r\n\t\tconst data = {name: 'James Hadley Chase', description: 'An English writer'};\r\n\t\tchai.request(app)\r\n\t\t\t.post('/api/author')\r\n\t\t\t.set('Accept', 'application/json')\r\n\t\t\t.send(data)\r\n\t\t\t.end((err, res) => {\r\n\t\t\t\texpect(res.status).to.equal(201);\r\n\t\t\t\texpect(res.body.data).to.include({name: data.name});\r\n\t\t\t\tauthor_id = res.body.data.author_id;\r\n\t\t\t\tcb();\r\n\t\t\t});\r\n\t});\r\n\r\n\tit('It should not create a author with incomplete parameters', cb => {\r\n\t\tconst data = {name: 'James Hadley Chase', descriptions: ''};\r\n\t\tchai.request(app)\r\n\t\t\t.post('/api/author')\r\n\t\t\t.set('Accept', 'application/json')\r\n\t\t\t.send(data)\r\n\t\t\t.end((err, res) => {\r\n\t\t\t\texpect(res.status).to.equal(400);\r\n\t\t\t\tres.body.should.have.property('message').eql('Incomplete information');\r\n\t\t\t\tcb();\r\n\t\t\t});\r\n\t});\r\n\r\n\tit('It should not create a author with missing parameters', cb => {\r\n\t\tconst data = {name: 'James Hadley Chase'};\r\n\t\tchai.request(app)\r\n\t\t\t.post('/api/author')\r\n\t\t\t.set('Accept', 'application/json')\r\n\t\t\t.send(data)\r\n\t\t\t.end((err, res) => {\r\n\t\t\t\texpect(res.status).to.equal(400);\r\n\t\t\t\tres.body.should.have.property('message').eql('Incomplete information');\r\n\t\t\t\tcb();\r\n\t\t\t});\r\n\t});\r\n\r\n\tit('It should get all authors', cb => {\r\n\t\tchai.request(app)\r\n\t\t\t.get('/api/author')\r\n\t\t\t.set('Accept', 'application/json')\r\n\t\t\t.end((err, res) => {\r\n\t\t\t\texpect(res.status).to.equal(200);\r\n\t\t\t\tres.body.should.have.property('status').eql('success');\r\n\t\t\t\tres.body.should.have.property('message').eql('Authors Received');\r\n\t\t\t\texpect(res.body.data).to.not.have.lengthOf(0);\r\n\t\t\t\tcb();\r\n\t\t\t});\r\n\t});\r\n\r\n\tit('It should get a particular author', cb => {\r\n\t\tchai.request(app)\r\n\t\t\t.get(`/api/author/${author_id}`)\r\n\t\t\t.set('Accept', 'application/json')\r\n\t\t\t.end((err, res) => {\r\n\t\t\t\texpect(res.status).to.equal(200);\r\n\t\t\t\tres.body.should.have.property('message').eql('Author Found');\r\n\t\t\t\tres.body.data.should.have.property('name');\r\n\t\t\t\tcb();\r\n\t\t\t});\r\n\t});\r\n\r\n\tit('It should not get a particular author with invalid id', cb => {\r\n\t\tlet random_id = uuid();\r\n\t\tchai.request(app)\r\n\t\t\t.get(`/api/author/${random_id}`)\r\n\t\t\t.set('Accept', 'application/json')\r\n\t\t\t.end((err, res) => {\r\n\t\t\t\texpect(res.status).to.equal(404);\r\n\t\t\t\tres.body.should.have.property('message')\r\n\t\t\t\t\t.eql(`Author with the id ${random_id} cannot be found`);\r\n\t\t\t\tcb();\r\n\t\t\t});\r\n\t});\r\n\r\n\tit('It should not get a particular author with non-uuid', cb => {\r\n\t\tconst uuid = 'invalid_uuid';\r\n\t\tchai.request(app)\r\n\t\t\t.get(`/api/author/${uuid}`)\r\n\t\t\t.set('Accept', 'application/json')\r\n\t\t\t.end((err, res) => {\r\n\t\t\t\texpect(res.status).to.equal(400);\r\n\t\t\t\tres.body.should.have.property('message').eql('Invalid UUID');\r\n\t\t\t\tcb();\r\n\t\t\t});\r\n\t});\r\n\r\n\tit('It should update a author', cb => {\r\n\t\tconst updatedData = {description: 'An English writer. Novelist.'};\r\n\t\tchai.request(app)\r\n\t\t\t.put(`/api/author/${author_id}`)\r\n\t\t\t.set('Accept', 'application/json')\r\n\t\t\t.send(updatedData)\r\n\t\t\t.end((err, res) => {\r\n\t\t\t\texpect(res.status).to.equal(200);\r\n\t\t\t\texpect(res.body.data.description).equal(updatedData.description);\r\n\t\t\t\tcb();\r\n\t\t\t});\r\n\t});\r\n\r\n\tit('It should not update a author with invalid id', cb => {\r\n\t\tlet random_uuid = uuid();\r\n\t\tconst updatedData = {description: 'An English writer. Novelist.'};\r\n\t\tchai.request(app)\r\n\t\t\t.put(`/api/author/${random_uuid}`)\r\n\t\t\t.set('Accept', 'application/json')\r\n\t\t\t.send(updatedData)\r\n\t\t\t.end((err, res) => {\r\n\t\t\t\texpect(res.status).to.equal(404);\r\n\t\t\t\tres.body.should.have.property('message')\r\n\t\t\t\t\t.eql(`Author with the id ${random_uuid} cannot be found`);\r\n\t\t\t\tcb();\r\n\t\t\t});\r\n\t});\r\n\r\n\tit('It should not update a author with non-id', cb => {\r\n\t\tconst uuid = 'invalid_uuid';\r\n\t\tconst updatedData = {description: 'An English writer. Novelist.'};\r\n\t\tchai.request(app)\r\n\t\t\t.put(`/api/author/${uuid}`)\r\n\t\t\t.set('Accept', 'application/json')\r\n\t\t\t.send(updatedData)\r\n\t\t\t.end((err, res) => {\r\n\t\t\t\texpect(res.status).to.equal(400);\r\n\t\t\t\tres.body.should.have.property('message').eql('Invalid UUID');\r\n\t\t\t\tcb();\r\n\t\t\t});\r\n\t});\r\n\r\n\tit('It should delete a author', cb => {\r\n\t\tchai.request(app)\r\n\t\t\t.delete(`/api/author/${author_id}`)\r\n\t\t\t.set('Accept', 'application/json')\r\n\t\t\t.end((err, res) => {\r\n\t\t\t\texpect(res.status).to.equal(200);\r\n\t\t\t\texpect(res.body.data).to.include({});\r\n\t\t\t\tcb();\r\n\t\t\t});\r\n\t});\r\n\r\n\tit('It should not delete a author with invalid id', cb => {\r\n\t\tlet random_id = uuid();\r\n\t\tchai.request(app)\r\n\t\t\t.delete(`/api/author/${random_id}`)\r\n\t\t\t.set('Accept', 'application/json')\r\n\t\t\t.end((err, res) => {\r\n\t\t\t\texpect(res.status).to.equal(404);\r\n\t\t\t\tres.body.should.have.property('message')\r\n\t\t\t\t\t.eql(`Author with the id ${random_id} cannot be found`);\r\n\t\t\t\tcb();\r\n\t\t\t});\r\n\t});\r\n\r\n\tit('It should not delete a author with non-uuid', cb => {\r\n\t\tconst uuid = 'invalid_uuid';\r\n\t\tchai.request(app)\r\n\t\t\t.delete(`/api/author/${uuid}`)\r\n\t\t\t.set('Accept', 'application/json')\r\n\t\t\t.end((err, res) => {\r\n\t\t\t\texpect(res.status).to.equal(400);\r\n\t\t\t\tres.body.should.have.property('message').eql('Invalid UUID');\r\n\t\t\t\tcb();\r\n\t\t\t});\r\n\t});\r\n});\r\n\r\ndescribe('Testing the Book endpoints:', () => {\r\n\tlet author_id, book_id;\r\n\r\n\tit('It should get all books (null)', cb => {\r\n\t\tchai.request(app)\r\n\t\t\t.get('/api/book')\r\n\t\t\t.set('Accept', 'book/json')\r\n\t\t\t.end((err, res) => {\r\n\t\t\t\texpect(res.status).to.equal(200);\r\n\t\t\t\tres.body.should.have.property('status').eql('success');\r\n\t\t\t\tres.body.should.have.property('message').eql('No Book found');\r\n\t\t\t\tcb();\r\n\t\t\t});\r\n\t});\r\n\r\n\tit('It should create an book', cb => {\r\n\t\tconst author = {name: 'James Hadley Chase', description: 'An English writer'};\r\n\t\tconst book = {\r\n\t\t\ttitle: 'The World in My Pocket', genre: 'Thriller', rating: 4,\r\n\t\t\tdescription: 'The World in My Pocket is a 1959 thriller novel by the British writer James Hadley Chase'\r\n\t\t};\r\n\t\tchai.request(app)\r\n\t\t\t.post('/api/author')\r\n\t\t\t.set('Accept', 'application/json')\r\n\t\t\t.send(author)\r\n\t\t\t.end((err, res) => {\r\n\t\t\t\tauthor_id = res.body.data.author_id;\r\n\t\t\t\tbook.author_id = author_id;\r\n\t\t\t\tchai.request(app)\r\n\t\t\t\t\t.post('/api/book')\r\n\t\t\t\t\t.set('Accept', 'application/json')\r\n\t\t\t\t\t.send(book)\r\n\t\t\t\t\t.end((err, res) => {\r\n\t\t\t\t\t\texpect(res.status).to.equal(201);\r\n\t\t\t\t\t\texpect(res.body.data).to.include({title: book.title});\r\n\t\t\t\t\t\texpect(res.body.data).to.include({genre: book.genre});\r\n\t\t\t\t\t\texpect(res.body.data).to.include({description: book.description});\r\n\t\t\t\t\t\texpect(res.body.data).to.include({author_id: book.author_id});\r\n\t\t\t\t\t\texpect(res.body.data).to.include({rating: book.rating});\r\n\t\t\t\t\t\tbook_id = res.body.data.book_id;\r\n\t\t\t\t\t\tcb();\r\n\t\t\t\t\t});\r\n\r\n\t\t\t});\r\n\t});\r\n\r\n\tit('It should not create a author with incomplete parameters', cb => {\r\n\t\tconst data = {title: 'The Soft Centre', genre: 'Crime novel', rate: 3, descriptions: 'test', author_id};\r\n\t\tchai.request(app)\r\n\t\t\t.post('/api/book')\r\n\t\t\t.set('Accept', 'application/json')\r\n\t\t\t.send(data)\r\n\t\t\t.end((err, res) => {\r\n\t\t\t\texpect(res.status).to.equal(400);\r\n\t\t\t\tres.body.should.have.property('message').eql('Incomplete information');\r\n\t\t\t\tcb();\r\n\t\t\t});\r\n\t});\r\n\r\n\tit('It should not create a author with missing parameters', cb => {\r\n\t\tconst data = {title: 'You\\'re Dead Without Money', author_id};\r\n\t\tchai.request(app)\r\n\t\t\t.post('/api/book')\r\n\t\t\t.set('Accept', 'application/json')\r\n\t\t\t.send(data)\r\n\t\t\t.end((err, res) => {\r\n\t\t\t\texpect(res.status).to.equal(400);\r\n\t\t\t\tres.body.should.have.property('message').eql('Incomplete information');\r\n\t\t\t\tcb();\r\n\t\t\t});\r\n\t});\r\n\r\n\tit('It should not create a book with wrong author id', cb => {\r\n\t\tconst data = {\r\n\t\t\ttitle: 'The World in My Pocket', genre: 'Thriller', rating: 4,\r\n\t\t\tdescription: 'The World in My Pocket is a 1959 thriller novel by the British writer James Hadley Chase',\r\n\t\t\tauthor_id: 'invalid'\r\n\t\t};\r\n\t\tchai.request(app)\r\n\t\t\t.post('/api/book')\r\n\t\t\t.set('Accept', 'application/json')\r\n\t\t\t.send(data)\r\n\t\t\t.end((err, res) => {\r\n\t\t\t\texpect(res.status).to.equal(400);\r\n\t\t\t\tres.body.should.have.property('message').eql('Invalid author UUID');\r\n\t\t\t\tcb();\r\n\t\t\t});\r\n\t});\r\n\r\n\tit('It should not create a book with wrong rating', cb => {\r\n\t\tconst data = {\r\n\t\t\ttitle: 'The World in My Pocket', genre: 'Thriller', rating: 'not int', author_id,\r\n\t\t\tdescription: 'The World in My Pocket is a 1959 thriller novel by the British writer James Hadley Chase'\r\n\t\t};\r\n\t\tchai.request(app)\r\n\t\t\t.post('/api/book')\r\n\t\t\t.set('Accept', 'application/json')\r\n\t\t\t.send(data)\r\n\t\t\t.end((err, res) => {\r\n\t\t\t\texpect(res.status).to.equal(400);\r\n\t\t\t\tres.body.should.have.property('message').eql('Invalid rating value');\r\n\t\t\t\tcb();\r\n\t\t\t});\r\n\t});\r\n\r\n\tit('It should get all books', cb => {\r\n\t\tchai.request(app)\r\n\t\t\t.get('/api/book')\r\n\t\t\t.set('Accept', 'application/json')\r\n\t\t\t.end((err, res) => {\r\n\t\t\t\texpect(res.status).to.equal(200);\r\n\t\t\t\tres.body.should.have.property('status').eql('success');\r\n\t\t\t\tres.body.should.have.property('message').eql('Books Received');\r\n\t\t\t\texpect(res.body.data).to.not.have.lengthOf(0);\r\n\t\t\t\tcb();\r\n\t\t\t});\r\n\t});\r\n\r\n\tit('It should get a particular book', cb => {\r\n\t\tchai.request(app)\r\n\t\t\t.get(`/api/book/${book_id}`)\r\n\t\t\t.set('Accept', 'application/json')\r\n\t\t\t.end((err, res) => {\r\n\t\t\t\texpect(res.status).to.equal(200);\r\n\t\t\t\tres.body.should.have.property('message').eql('Book Found');\r\n\t\t\t\tres.body.data.should.have.property('title');\r\n\t\t\t\tres.body.data.should.have.property('genre');\r\n\t\t\t\tres.body.data.should.have.property('description');\r\n\t\t\t\tres.body.data.should.have.property('rating');\r\n\t\t\t\tres.body.data.should.have.property('author_id');\r\n\t\t\t\tcb();\r\n\t\t\t});\r\n\t});\r\n\r\n\tit('It should not get a particular book with invalid id', cb => {\r\n\t\tlet random_id = uuid();\r\n\t\tchai.request(app)\r\n\t\t\t.get(`/api/book/${random_id}`)\r\n\t\t\t.set('Accept', 'application/json')\r\n\t\t\t.end((err, res) => {\r\n\t\t\t\texpect(res.status).to.equal(404);\r\n\t\t\t\tres.body.should.have.property('message')\r\n\t\t\t\t\t.eql(`Book with the id ${random_id} cannot be found`);\r\n\t\t\t\tcb();\r\n\t\t\t});\r\n\t});\r\n\r\n\tit('It should not get a particular book with non-uuid', cb => {\r\n\t\tconst uuid = 'invalid_uuid';\r\n\t\tchai.request(app)\r\n\t\t\t.get(`/api/book/${uuid}`)\r\n\t\t\t.set('Accept', 'application/json')\r\n\t\t\t.end((err, res) => {\r\n\t\t\t\texpect(res.status).to.equal(400);\r\n\t\t\t\tres.body.should.have.property('message').eql('Invalid UUID');\r\n\t\t\t\tcb();\r\n\t\t\t});\r\n\t});\r\n\r\n\tit('It should update a book', cb => {\r\n\t\tconst updatedData = {description: 'Publication date - 1959'};\r\n\t\tchai.request(app)\r\n\t\t\t.put(`/api/book/${book_id}`)\r\n\t\t\t.set('Accept', 'application/json')\r\n\t\t\t.send(updatedData)\r\n\t\t\t.end((err, res) => {\r\n\t\t\t\texpect(res.status).to.equal(200);\r\n\t\t\t\texpect(res.body.data.description).equal(updatedData.description);\r\n\t\t\t\tcb();\r\n\t\t\t});\r\n\t});\r\n\r\n\tit('It should not update a book with invalid id', cb => {\r\n\t\tlet random_uuid = uuid();\r\n\t\tconst updatedData = {description: 'Publication date - 1959'};\r\n\t\tchai.request(app)\r\n\t\t\t.put(`/api/book/${random_uuid}`)\r\n\t\t\t.set('Accept', 'application/json')\r\n\t\t\t.send(updatedData)\r\n\t\t\t.end((err, res) => {\r\n\t\t\t\texpect(res.status).to.equal(404);\r\n\t\t\t\tres.body.should.have.property('message')\r\n\t\t\t\t\t.eql(`Book with the id ${random_uuid} cannot be found`);\r\n\t\t\t\tcb();\r\n\t\t\t});\r\n\t});\r\n\r\n\tit('It should not update a book with non-id', cb => {\r\n\t\tconst uuid = 'invalid_uuid';\r\n\t\tconst updatedData = {description: 'Publication date - 1959'};\r\n\t\tchai.request(app)\r\n\t\t\t.put(`/api/book/${uuid}`)\r\n\t\t\t.set('Accept', 'application/json')\r\n\t\t\t.send(updatedData)\r\n\t\t\t.end((err, res) => {\r\n\t\t\t\texpect(res.status).to.equal(400);\r\n\t\t\t\tres.body.should.have.property('message').eql('Invalid UUID');\r\n\t\t\t\tcb();\r\n\t\t\t});\r\n\t});\r\n\r\n\tit('It should not update a book with wrong author id', cb => {\r\n\t\tconst updatedData = {author_id: 'wrong uuid'};\r\n\t\tchai.request(app)\r\n\t\t\t.put(`/api/book/${book_id}`)\r\n\t\t\t.set('Accept', 'application/json')\r\n\t\t\t.send(updatedData)\r\n\t\t\t.end((err, res) => {\r\n\t\t\t\texpect(res.status).to.equal(400);\r\n\t\t\t\tres.body.should.have.property('message').eql('Invalid author UUID');\r\n\t\t\t\tcb();\r\n\t\t\t});\r\n\t});\r\n\r\n\tit('It should not update a book with wrong rating', cb => {\r\n\t\tconst updatedData = {rating: 'wrong rating'};\r\n\t\tchai.request(app)\r\n\t\t\t.put(`/api/book/${book_id}`)\r\n\t\t\t.set('Accept', 'application/json')\r\n\t\t\t.send(updatedData)\r\n\t\t\t.end((err, res) => {\r\n\t\t\t\texpect(res.status).to.equal(400);\r\n\t\t\t\tres.body.should.have.property('message').eql('Invalid rating value');\r\n\t\t\t\tcb();\r\n\t\t\t});\r\n\t});\r\n\r\n\tit('It should delete a book', cb => {\r\n\t\tchai.request(app)\r\n\t\t\t.delete(`/api/book/${book_id}`)\r\n\t\t\t.set('Accept', 'application/json')\r\n\t\t\t.end((err, res) => {\r\n\t\t\t\texpect(res.status).to.equal(200);\r\n\t\t\t\texpect(res.body.data).to.include({});\r\n\t\t\t\tchai.request(app)\r\n\t\t\t\t\t.delete(`/api/author/${author_id}`)\r\n\t\t\t\t\t.set('Accept', 'application/json')\r\n\t\t\t\t\t.end(cb);\r\n\t\t\t});\r\n\t});\r\n\r\n\tit('It should not delete a book with invalid id', cb => {\r\n\t\tlet random_id = uuid();\r\n\t\tchai.request(app)\r\n\t\t\t.delete(`/api/book/${random_id}`)\r\n\t\t\t.set('Accept', 'application/json')\r\n\t\t\t.end((err, res) => {\r\n\t\t\t\texpect(res.status).to.equal(404);\r\n\t\t\t\tres.body.should.have.property('message')\r\n\t\t\t\t\t.eql(`Book with the id ${random_id} cannot be found`);\r\n\t\t\t\tcb();\r\n\t\t\t});\r\n\t});\r\n\r\n\tit('It should not delete a book with non-uuid', cb => {\r\n\t\tconst uuid = 'invalid_uuid';\r\n\t\tchai.request(app)\r\n\t\t\t.delete(`/api/book/${uuid}`)\r\n\t\t\t.set('Accept', 'application/json')\r\n\t\t\t.end((err, res) => {\r\n\t\t\t\texpect(res.status).to.equal(400);\r\n\t\t\t\tres.body.should.have.property('message').eql('Invalid UUID');\r\n\t\t\t\tcb();\r\n\t\t\t});\r\n\t});\r\n});"]},"_coverageSchema":"1a1c01bbd47fc00a2c39e90264f33305004495a9","hash":"6fe59591f69c584ae51124e5ed42617b926019c8","contentHash":"e5cc02f36e6cf18cc4094406e22713df9d2392ab774787f0e8b72aaa5f3fbc4f"},"C:\\Users\\mi\\Documents\\GitHub\\Books\\src\\server\\server-dev.js":{"path":"C:\\Users\\mi\\Documents\\GitHub\\Books\\src\\server\\server-dev.js","statementMap":{"0":{"start":{"line":3,"column":29},"end":{"line":3,"column":84}},"1":{"start":{"line":5,"column":12},"end":{"line":5,"column":51}},"2":{"start":{"line":7,"column":15},"end":{"line":7,"column":57}},"3":{"start":{"line":9,"column":15},"end":{"line":9,"column":57}},"4":{"start":{"line":11,"column":28},"end":{"line":11,"column":85}},"5":{"start":{"line":13,"column":28},"end":{"line":13,"column":85}},"6":{"start":{"line":15,"column":24},"end":{"line":15,"column":86}},"7":{"start":{"line":17,"column":18},"end":{"line":17,"column":64}},"8":{"start":{"line":19,"column":18},"end":{"line":19,"column":72}},"9":{"start":{"line":21,"column":20},"end":{"line":21,"column":76}},"10":{"start":{"line":23,"column":10},"end":{"line":23,"column":33}},"11":{"start":{"line":24,"column":15},"end":{"line":24,"column":24}},"12":{"start":{"line":25,"column":16},"end":{"line":25,"column":58}},"13":{"start":{"line":26,"column":15},"end":{"line":26,"column":63}},"14":{"start":{"line":28,"column":0},"end":{"line":30,"column":4}},"15":{"start":{"line":31,"column":0},"end":{"line":31,"column":54}},"16":{"start":{"line":32,"column":0},"end":{"line":32,"column":36}},"17":{"start":{"line":33,"column":0},"end":{"line":35,"column":4}},"18":{"start":{"line":36,"column":0},"end":{"line":46,"column":3}},"19":{"start":{"line":37,"column":2},"end":{"line":45,"column":5}},"20":{"start":{"line":38,"column":4},"end":{"line":40,"column":5}},"21":{"start":{"line":39,"column":6},"end":{"line":39,"column":23}},"22":{"start":{"line":42,"column":4},"end":{"line":42,"column":41}},"23":{"start":{"line":43,"column":4},"end":{"line":43,"column":21}},"24":{"start":{"line":44,"column":4},"end":{"line":44,"column":14}},"25":{"start":{"line":47,"column":11},"end":{"line":47,"column":35}},"26":{"start":{"line":48,"column":0},"end":{"line":48,"column":42}},"27":{"start":{"line":49,"column":0},"end":{"line":49,"column":46}},"28":{"start":{"line":50,"column":0},"end":{"line":53,"column":3}},"29":{"start":{"line":51,"column":2},"end":{"line":51,"column":56}},"30":{"start":{"line":52,"column":2},"end":{"line":52,"column":39}}},"fnMap":{"0":{"name":"(anonymous_0)","decl":{"start":{"line":36,"column":13},"end":{"line":36,"column":14}},"loc":{"start":{"line":36,"column":39},"end":{"line":46,"column":1}},"line":36},"1":{"name":"(anonymous_1)","decl":{"start":{"line":37,"column":48},"end":{"line":37,"column":49}},"loc":{"start":{"line":37,"column":71},"end":{"line":45,"column":3}},"line":37},"2":{"name":"(anonymous_2)","decl":{"start":{"line":50,"column":17},"end":{"line":50,"column":18}},"loc":{"start":{"line":50,"column":29},"end":{"line":53,"column":1}},"line":50}},"branchMap":{"0":{"loc":{"start":{"line":38,"column":4},"end":{"line":40,"column":5}},"type":"if","locations":[{"start":{"line":38,"column":4},"end":{"line":40,"column":5}},{"start":{"line":38,"column":4},"end":{"line":40,"column":5}}],"line":38},"1":{"loc":{"start":{"line":47,"column":11},"end":{"line":47,"column":35}},"type":"binary-expr","locations":[{"start":{"line":47,"column":11},"end":{"line":47,"column":27}},{"start":{"line":47,"column":31},"end":{"line":47,"column":35}}],"line":47}},"s":{"0":1,"1":1,"2":1,"3":1,"4":1,"5":1,"6":1,"7":1,"8":1,"9":0,"10":0,"11":0,"12":0,"13":0,"14":0,"15":0,"16":0,"17":0,"18":0,"19":0,"20":0,"21":0,"22":0,"23":0,"24":0,"25":0,"26":0,"27":0,"28":0,"29":0,"30":0},"f":{"0":0,"1":0,"2":0},"b":{"0":[0,0],"1":[0,0]},"inputSourceMap":{"version":3,"sources":["server-dev.js"],"names":["app","DIST_DIR","__dirname","HTML_FILE","path","join","compiler","config","use","publicPath","output","bodyParser","json","urlencoded","extended","get","req","res","next","outputFileSystem","readFile","err","result","set","send","end","PORT","process","env","bookRoutes","authorRoutes","listen","console","log"],"mappings":";;;;AAAA;;AACA;;AACA;;AACA;;AACA;;AACA;;AACA;;AAEA;;AACA;;AAGA,IAAMA,GAAG,GAAG,uBAAZ;AAAA,IACYC,QAAQ,GAAGC,SADvB;AAAA,IAEYC,SAAS,GAAGC,cAAKC,IAAL,CAAUJ,QAAV,EAAoB,YAApB,CAFxB;AAAA,IAGYK,QAAQ,GAAG,sBAAQC,yBAAR,CAHvB;;AAKAP,GAAG,CAACQ,GAAJ,CAAQ,mCAAqBF,QAArB,EAA+B;AACrCG,EAAAA,UAAU,EAAEF,0BAAOG,MAAP,CAAcD;AADW,CAA/B,CAAR;AAGAT,GAAG,CAACQ,GAAJ,CAAQ,mCAAqBF,QAArB,CAAR;AAEAN,GAAG,CAACQ,GAAJ,CAAQG,oBAAWC,IAAX,EAAR;AACAZ,GAAG,CAACQ,GAAJ,CAAQG,oBAAWE,UAAX,CAAsB;AAACC,EAAAA,QAAQ,EAAE;AAAX,CAAtB,CAAR;AAGAd,GAAG,CAACe,GAAJ,CAAQ,GAAR,EAAa,UAACC,GAAD,EAAMC,GAAN,EAAWC,IAAX,EAAoB;AAC/BZ,EAAAA,QAAQ,CAACa,gBAAT,CAA0BC,QAA1B,CAAmCjB,SAAnC,EAA8C,UAACkB,GAAD,EAAMC,MAAN,EAAiB;AAC/D,QAAID,GAAJ,EAAS;AACP,aAAOH,IAAI,CAACG,GAAD,CAAX;AACD;;AACDJ,IAAAA,GAAG,CAACM,GAAJ,CAAQ,cAAR,EAAwB,WAAxB;AACAN,IAAAA,GAAG,CAACO,IAAJ,CAASF,MAAT;AACAL,IAAAA,GAAG,CAACQ,GAAJ;AACC,GAPD;AAQD,CATD;AAWA,IAAMC,IAAI,GAAGC,OAAO,CAACC,GAAR,CAAYF,IAAZ,IAAoB,IAAjC;AAEA1B,GAAG,CAACQ,GAAJ,CAAQ,WAAR,EAAqBqB,mBAArB;AACA7B,GAAG,CAACQ,GAAJ,CAAQ,aAAR,EAAuBsB,qBAAvB;AAEA9B,GAAG,CAAC+B,MAAJ,CAAWL,IAAX,EAAiB,YAAM;AACnBM,EAAAA,OAAO,CAACC,GAAR,4BAAgCP,IAAhC;AACAM,EAAAA,OAAO,CAACC,GAAR,CAAY,uBAAZ;AACH,CAHD","sourceRoot":"C:\\Users\\mi\\Documents\\GitHub\\Books\\src\\server","sourcesContent":["import path from 'path'\r\nimport express from 'express'\r\nimport webpack from 'webpack'\r\nimport webpackDevMiddleware from 'webpack-dev-middleware'\r\nimport webpackHotMiddleware from 'webpack-hot-middleware'\r\nimport config from '../../webpack.dev.config.js'\r\nimport bodyParser from 'body-parser';\r\n\r\nimport bookRoutes from './routes/BookRoutes' ; \r\nimport authorRoutes from './routes/AuthorRoutes';\r\n\r\n\r\nconst app = express(),\r\n            DIST_DIR = __dirname,\r\n            HTML_FILE = path.join(DIST_DIR, 'index.html'),\r\n            compiler = webpack(config)\r\n\r\napp.use(webpackDevMiddleware(compiler, {\r\n  publicPath: config.output.publicPath\r\n}));\r\napp.use(webpackHotMiddleware(compiler));\r\n\r\napp.use(bodyParser.json());\r\napp.use(bodyParser.urlencoded({extended: false}));\r\n\r\n\r\napp.get('/', (req, res, next) => {\r\n  compiler.outputFileSystem.readFile(HTML_FILE, (err, result) => {\r\n  if (err) {\r\n    return next(err)\r\n  }\r\n  res.set('content-type', 'text/html')\r\n  res.send(result)\r\n  res.end()\r\n  })\r\n})\r\n\r\nconst PORT = process.env.PORT || 8080;\r\n\r\napp.use('/api/book', bookRoutes);\r\napp.use('/api/author', authorRoutes);\r\n\r\napp.listen(PORT, () => {\r\n    console.log(`App listening to ${PORT}....`)\r\n    console.log('Press Ctrl+C to quit.')\r\n})\r\n"]},"_coverageSchema":"1a1c01bbd47fc00a2c39e90264f33305004495a9","hash":"259f9ac0af0453a43ff5519fbc00a689c00f1d29","contentHash":"0c3d3671cefd3191f523c3618f4314c976c7a66646acf7c4d09399675d270e50"},"C:\\Users\\mi\\Documents\\GitHub\\Books\\webpack.dev.config.js":{"path":"C:\\Users\\mi\\Documents\\GitHub\\Books\\webpack.dev.config.js","statementMap":{"0":{"start":{"line":3,"column":11},"end":{"line":3,"column":26}},"1":{"start":{"line":5,"column":14},"end":{"line":5,"column":32}},"2":{"start":{"line":7,"column":24},"end":{"line":7,"column":54}},"3":{"start":{"line":9,"column":0},"end":{"line":57,"column":2}}},"fnMap":{},"branchMap":{},"s":{"0":1,"1":1,"2":1,"3":1},"f":{},"b":{},"inputSourceMap":{"version":3,"sources":["webpack.dev.config.js"],"names":["path","require","webpack","HtmlWebPackPlugin","module","exports","entry","main","output","join","__dirname","publicPath","filename","mode","target","devtool","rules","enforce","test","exclude","loader","options","emitWarning","failOnError","failOnWarning","use","plugins","template","excludeChunks","HotModuleReplacementPlugin","NoEmitOnErrorsPlugin"],"mappings":";;AAAA,IAAMA,IAAI,GAAGC,OAAO,CAAC,MAAD,CAApB;;AACA,IAAMC,OAAO,GAAGD,OAAO,CAAC,SAAD,CAAvB;;AACA,IAAME,iBAAiB,GAAGF,OAAO,CAAC,qBAAD,CAAjC;;AAEAG,MAAM,CAACC,OAAP,GAAiB;AACfC,EAAAA,KAAK,EAAE;AACLC,IAAAA,IAAI,EAAE,CAAC,iEAAD,EAAoE,gBAApE;AADD,GADQ;AAIfC,EAAAA,MAAM,EAAE;AACNR,IAAAA,IAAI,EAAEA,IAAI,CAACS,IAAL,CAAUC,SAAV,EAAqB,MAArB,CADA;AAENC,IAAAA,UAAU,EAAE,GAFN;AAGNC,IAAAA,QAAQ,EAAE;AAHJ,GAJO;AASfC,EAAAA,IAAI,EAAE,aATS;AAUfC,EAAAA,MAAM,EAAE,KAVO;AAWfC,EAAAA,OAAO,EAAE,aAXM;AAYfX,EAAAA,MAAM,EAAE;AACNY,IAAAA,KAAK,EAAE,CACL;AACEC,MAAAA,OAAO,EAAE,KADX;AAEEC,MAAAA,IAAI,EAAE,OAFR;AAGEC,MAAAA,OAAO,EAAE,cAHX;AAIEC,MAAAA,MAAM,EAAE,eAJV;AAKEC,MAAAA,OAAO,EAAE;AACPC,QAAAA,WAAW,EAAE,IADN;AAEPC,QAAAA,WAAW,EAAE,KAFN;AAGPC,QAAAA,aAAa,EAAE;AAHR;AALX,KADK,EAYL;AACEN,MAAAA,IAAI,EAAE,OADR;AAEEC,MAAAA,OAAO,EAAE,cAFX;AAGEC,MAAAA,MAAM,EAAE;AAHV,KAZK,EAiBL;AACE;AACA;AACAF,MAAAA,IAAI,EAAE,SAHR;AAIEO,MAAAA,GAAG,EAAE,CACH;AACEL,QAAAA,MAAM,EAAE,aADV,CAEE;;AAFF,OADG;AAJP,KAjBK,EA4BL;AACEF,MAAAA,IAAI,EAAE,QADR;AAEEO,MAAAA,GAAG,EAAE,CAAE,cAAF,EAAkB,YAAlB;AAFP,KA5BK,EAgCL;AACCP,MAAAA,IAAI,EAAE,sBADP;AAECO,MAAAA,GAAG,EAAE,CAAC,aAAD;AAFN,KAhCK;AADD,GAZO;AAmDfC,EAAAA,OAAO,EAAE,CACP,IAAIvB,iBAAJ,CAAsB;AACpBwB,IAAAA,QAAQ,EAAE,uBADU;AAEpBf,IAAAA,QAAQ,EAAE,cAFU;AAGpBgB,IAAAA,aAAa,EAAE,CAAE,QAAF;AAHK,GAAtB,CADO,EAMP,IAAI1B,OAAO,CAAC2B,0BAAZ,EANO,EAOP,IAAI3B,OAAO,CAAC4B,oBAAZ,EAPO;AAnDM,CAAjB","sourceRoot":"C:\\Users\\mi\\Documents\\GitHub\\Books","sourcesContent":["const path = require('path')\r\nconst webpack = require('webpack')\r\nconst HtmlWebPackPlugin = require('html-webpack-plugin')\r\n\r\nmodule.exports = {\r\n  entry: {\r\n    main: ['webpack-hot-middleware/client?path=/__webpack_hmr&timeout=20000', './src/index.js']\r\n  },\r\n  output: {\r\n    path: path.join(__dirname, 'dist'),\r\n    publicPath: '/',\r\n    filename: '[name].js'\r\n  },\r\n  mode: 'development',\r\n  target: 'web',  \r\n  devtool: '#source-map',\r\n  module: {\r\n    rules: [\r\n      {\r\n        enforce: \"pre\",\r\n        test: /\\.js$/,\r\n        exclude: /node_modules/,\r\n        loader: \"eslint-loader\",\r\n        options: {\r\n          emitWarning: true,\r\n          failOnError: false,\r\n          failOnWarning: false\r\n        }\r\n      },\r\n      {\r\n        test: /\\.js$/,\r\n        exclude: /node_modules/,\r\n        loader: \"babel-loader\",\r\n      },\r\n      {\r\n        // Loads the javacript into html template provided.\r\n        // Entry point is set below in HtmlWebPackPlugin in Plugins \r\n        test: /\\.html$/,\r\n        use: [\r\n          {\r\n            loader: \"html-loader\",\r\n            //options: { minimize: true }\r\n          }\r\n        ]\r\n      },\r\n      { \r\n        test: /\\.css$/,\r\n        use: [ 'style-loader', 'css-loader' ]\r\n      },\r\n      {\r\n       test: /\\.(png|svg|jpg|gif)$/,\r\n       use: ['file-loader']\r\n      }\r\n    ]\r\n  },\r\n  plugins: [\r\n    new HtmlWebPackPlugin({\r\n      template: \"./src/html/index.html\",\r\n      filename: \"./index.html\",\r\n      excludeChunks: [ 'server' ]\r\n    }),\r\n    new webpack.HotModuleReplacementPlugin(),\r\n    new webpack.NoEmitOnErrorsPlugin()\r\n  ]\r\n}"]},"_coverageSchema":"1a1c01bbd47fc00a2c39e90264f33305004495a9","hash":"9214c9733033f1a05eeb3f68e0f4b13838f9cfb2","contentHash":"45a17c1c877a97109e980d9e05fad1451f365d4b2af33f058a02a3d86c702ee4"},"C:\\Users\\mi\\Documents\\GitHub\\Books\\src\\server\\routes\\BookRoutes.js":{"path":"C:\\Users\\mi\\Documents\\GitHub\\Books\\src\\server\\routes\\BookRoutes.js","statementMap":{"0":{"start":{"line":3,"column":29},"end":{"li
[...]
mn":12}},"loc":{"start":{"line":177,"column":23},"end":{"line":210,"column":5}},"line":177},"15":{"name":"_callee4","decl":{"start":{"line":180,"column":41},"end":{"line":180,"column":49}},"loc":{"start":{"line":180,"column":56},"end":{"line":203,"column":7}},"line":180},"16":{"name":"_callee4$","decl":{"start":{"line":181,"column":50},"end":{"line":181,"column":59}},"loc":{"start":{"line":181,"column":71},"end":{"line":202,"column":9}},"line":181},"17":{"name":"add","decl":{"start":{"line":205,"column":15},"end":{"line":205,"column":18}},"loc":{"start":{"line":205,"column":24},"end":{"line":207,"column":7}},"line":205},"18":{"name":"(anonymous_18)","decl":{"start":{"line":221,"column":11},"end":{"line":221,"column":12}},"loc":{"start":{"line":221,"column":23},"end":{"line":278,"column":5}},"line":221},"19":{"name":"_callee5","decl":{"start":{"line":224,"column":41},"end":{"line":224,"column":49}},"loc":{"start":{"line":224,"column":65},"end":{"line":271,"column":7}},"line":224},"20":{"name":"_callee5$","decl":{"start":{"line":227,"column":50},"end":{"line":227,"column":59}},"loc":{"start":{"line":227,"column":71},"end":{"line":270,"column":9}},"line":227},"21":{"name":"update","decl":{"start":{"line":273,"column":15},"end":{"line":273,"column":21}},"loc":{"start":{"line":273,"column":32},"end":{"line":275,"column":7}},"line":273},"22":{"name":"(anonymous_22)","decl":{"start":{"line":288,"column":11},"end":{"line":288,"column":12}},"loc":{"start":{"line":288,"column":23},"end":{"line":326,"column":5}},"line":288},"23":{"name":"_callee6","decl":{"start":{"line":291,"column":41},"end":{"line":291,"column":49}},"loc":{"start":{"line":291,"column":59},"end":{"line":319,"column":7}},"line":291},"24":{"name":"_callee6$","decl":{"start":{"line":292,"column":50},"end":{"line":292,"column":59}},"loc":{"start":{"line":292,"column":71},"end":{"line":318,"column":9}},"line":292},"25":{"name":"get","decl":{"start":{"line":321,"column":15},"end":{"line":321,"column":18}},"loc":{"start":{"line":321,"column":24},"end":{"line":323,"column":7}},"line":321},"26":{"name":"(anonymous_26)","decl":{"start":{"line":336,"column":11},"end":{"line":336,"column":12}},"loc":{"start":{"line":336,"column":23},"end":{"line":393,"column":5}},"line":336},"27":{"name":"_callee7","decl":{"start":{"line":339,"column":41},"end":{"line":339,"column":49}},"loc":{"start":{"line":339,"column":59},"end":{"line":386,"column":7}},"line":339},"28":{"name":"_callee7$","decl":{"start":{"line":342,"column":50},"end":{"line":342,"column":59}},"loc":{"start":{"line":342,"column":71},"end":{"line":385,"column":9}},"line":342},"29":{"name":"remove","decl":{"start":{"line":388,"column":15},"end":{"line":388,"column":21}},"loc":{"start":{"line":388,"column":27},"end":{"line":390,"column":7}},"line":388}},"branchMap":{"0":{"loc":{"start":{"line":41,"column":12},"end":{"line":63,"column":13}},"type":"switch","locations":[{"start":{"line":42,"column":14},"end":{"line":50,"column":19}},{"start":{"line":52,"column":14},"end":{"line":53,"column":64}},{"start":{"line":55,"column":14},"end":{"line":58,"column":34}},{"start":{"line":60,"column":14},"end":{"line":60,"column":21}},{"start":{"line":61,"column":14},"end":{"line":62,"column":39}}],"line":41},"1":{"loc":{"start":{"line":88,"column":12},"end":{"line":110,"column":13}},"type":"switch","locations":[{"start":{"line":89,"column":14},"end":{"line":97,"column":19}},{"start":{"line":99,"column":14},"end":{"line":100,"column":66}},{"start":{"line":102,"column":14},"end":{"line":105,"column":35}},{"start":{"line":107,"column":14},"end":{"line":107,"column":21}},{"start":{"line":108,"column":14},"end":{"line":109,"column":40}}],"line":88},"2":{"loc":{"start":{"line":136,"column":12},"end":{"line":157,"column":13}},"type":"switch","locations":[{"start":{"line":137,"column":14},"end":{"line":144,"column":19}},{"start":{"line":146,"column":14},"end":{"line":147,"column":66}},{"start":{"line":149,"column":14},"end":{"line":152,"column":35}},{"start":{"line":154,"column":14},"end":{"line":154,"column":22}},{"start":{"line":155,"column":14},"end":{"line":156,"column":40}}],"line":136},"3":{"loc":{"start":{"line":183,"column":12},"end":{"line":200,"column":13}},"type":"switch","locations":[{"start":{"line":184,"column":14},"end":{"line":187,"column":57}},{"start":{"line":189,"column":14},"end":{"line":190,"column":66}},{"start":{"line":192,"column":14},"end":{"line":195,"column":35}},{"start":{"line":197,"column":14},"end":{"line":197,"column":21}},{"start":{"line":198,"column":14},"end":{"line":199,"column":40}}],"line":183},"4":{"loc":{"start":{"line":229,"column":12},"end":{"line":268,"column":13}},"type":"switch","locations":[{"start":{"line":230,"column":14},"end":{"line":233,"column":62}},{"start":{"line":235,"column":14},"end":{"line":248,"column":19}},{"start":{"line":250,"column":14},"end":{"line":251,"column":56}},{"start":{"line":253,"column":14},"end":{"line":254,"column":56}},{"start":{"line":256,"column":14},"end":{"line":258,"column":22}},{"start":{"line":260,"column":14},"end":{"line":263,"column":35}},{"start":{"line":265,"column":14},"end":{"line":265,"column":22}},{"start":{"line":266,"column":14},"end":{"line":267,"column":40}}],"line":229},"5":{"loc":{"start":{"line":238,"column":16},"end":{"line":241,"column":17}},"type":"if","locations":[{"start":{"line":238,"column":16},"end":{"line":241,"column":17}},{"start":{"line":238,"column":16},"end":{"line":241,"column":17}}],"line":238},"6":{"loc":{"start":{"line":294,"column":12},"end":{"line":316,"column":13}},"type":"switch","locations":[{"start":{"line":295,"column":14},"end":{"line":303,"column":19}},{"start":{"line":305,"column":14},"end":{"line":306,"column":66}},{"start":{"line":308,"column":14},"end":{"line":311,"column":35}},{"start":{"line":313,"column":14},"end":{"line":313,"column":21}},{"start":{"line":314,"column":14},"end":{"line":315,"column":40}}],"line":294},"7":{"loc":{"start":{"line":344,"column":12},"end":{"line":383,"column":13}},"type":"switch","locations":[{"start":{"line":345,"column":14},"end":{"line":348,"column":62}},{"start":{"line":350,"column":14},"end":{"line":363,"column":19}},{"start":{"line":365,"column":14},"end":{"line":366,"column":66}},{"start":{"line":368,"column":14},"end":{"line":369,"column":56}},{"start":{"line":371,"column":14},"end":{"line":373,"column":22}},{"start":{"line":375,"column":14},"end":{"line":378,"column":35}},{"start":{"line":380,"column":14},"end":{"line":380,"column":22}},{"start":{"line":381,"column":14},"end":{"line":382,"column":40}}],"line":344},"8":{"loc":{"start":{"line":353,"column":16},"end":{"line":356,"column":17}},"type":"if","locations":[{"start":{"line":353,"column":16},"end":{"line":356,"column":17}},{"start":{"line":353,"column":16},"end":{"line":356,"column":17}}],"line":353}},"s":{"0":1,"1":1,"2":1,"3":1,"4":1,"5":1,"6":1,"7":1,"8":0,"9":0,"10":0,"11":0,"12":0,"13":0,"14":0,"15":0,"16":0,"17":0,"18":0,"19":0,"20":0,"21":0,"22":0,"23":0,"24":0,"25":0,"26":0,"27":0,"28":0,"29":0,"30":0,"31":0,"32":0,"33":0,"34":0,"35":0,"36":0,"37":0,"38":0,"39":0,"40":0,"41":0,"42":0,"43":0,"44":0,"45":0,"46":0,"47":0,"48":0,"49":0,"50":0,"51":0,"52":0,"53":0,"54":0,"55":0,"56":0,"57":0,"58":0,"59":0,"60":0,"61":0,"62":0,"63":0,"64":0,"65":0,"66":0,"67":0,"68":0,"69":0,"70":0,"71":0,"72":0,"73":0,"74":0,"75":0,"76":0,"77":0,"78":0,"79":0,"80":0,"81":0,"82":0,"83":0,"84":0,"85":0,"86":0,"87":0,"88":0,"89":0,"90":0,"91":0,"92":0,"93":0,"94":0,"95":0,"96":0,"97":0,"98":0,"99":0,"100":0,"101":0,"102":0,"103":0,"104":0,"105":0,"106":0,"107":0,"108":0,"109":0,"110":0,"111":0,"112":0,"113":0,"114":0,"115":0,"116":0,"117":0,"118":0,"119":0,"120":0,"121":0,"122":0,"123":0,"124":0,"125":0,"126":0,"127":0,"128":0,"129":0,"130":0},"f":{"0":0,"1":0,"2":0,"3":0,"4":0,"5":0,"6":0,"7":0,"8":0,"9":0,"10":0,"11":0,"12":0,"13":0,"14":0,"15":0,"16":0,"17":0,"18":0,"19":0,"20":0,"21":0,"22":0,"23":0,"24":0,"25":0,"26":0,"27":0,"28":0,"29":0},"b":{"0":[0,0,0,0,0],"1":[0,0,0,0,0],"2":[0,0,0,0,0],"3":[0,0,0,0,0],"4":[0,0,0,0,0,0,0,0],"5":[0,0],"6":[0,0,0,0,0],"7":[0,0,0,0,0,0,0,0],"8":[0,0]},"inputSourceMap":{"version":3,"sources":["BookService.js"],"names":["BookService","database","book","findAll","include","all","nested","author_id","where","limit","page","Offset","data","create","book_id","findByPk","update","remove","destroy"],"mappings":";;;;;;;;;;;;;;;;;AAAA;;IAEMA,W;;;;;;;;;;AAEL;;;;;;;;;;;;;;;uBAOeC,gBAASC,IAAT,CAAcC,OAAd,CAAsB;AAACC,kBAAAA,OAAO,EAAE,CAAC;AAACC,oBAAAA,GAAG,EAAE,IAAN;AAAYC,oBAAAA,MAAM,EAAE;AAApB,mBAAD;AAAV,iBAAtB,C;;;;;;;;;;;;;;;;;;;;;;;;AAMf;;;;;;;;;;;kDAKyBC,S;;;;;;;uBAEVN,gBAASC,IAAT,CAAcC,OAAd,CAAsB;AAClCK,kBAAAA,KAAK,EAAC;AAAE,iCAAcD;AAAhB,mBAD4B,CAElC;;AAFkC,iBAAtB,C;;;;;;;;;;;;;;;;;;;;;;;;AASf;;;;;;;;;;;;;;;;;AAKuBE,gBAAAA,K,QAAAA,K,EAAOC,I,QAAAA,I;;;uBAEfT,gBAASC,IAAT,CAAcC,OAAd,CAAsB;AAClCM,kBAAAA,KAAK,EAALA,KADkC;AAElCE,kBAAAA,MAAM,EAAED,IAAI,GAACD;AAFqB,iBAAtB,C;;;;;;;;;;;;;;;;;;;;;;;;AASf;;;;;;;;;;;;kDAMiBG,I;;;;;;;uBAEFX,gBAASC,IAAT,CAAcW,MAAd,CAAqBD,IAArB,C;;;;;;;;;;;;;;;;;;;;;;;;AAMf;;;;;;;;;;;;;kDAOoBE,O,EAASF,I;;;;;;;;;uBAENX,gBAASC,IAAT,CAAca,QAAd,CAAuBD,OAAvB,C;;;AAAfE,gBAAAA,Q;;qBACFA,Q;;;;;;uBACGf,gBAASC,IAAT,CAAcc,MAAd,CAAqBJ,IAArB,EAA2B;AAACJ,kBAAAA,KAAK,EAAE;AAACM,oBAAAA,OAAO,EAAPA;AAAD;AAAR,iBAA3B,C;;;kDACCF,I;;;kDACM,I;;;;;;;;;;;;;;;;;;;;;;;;;AAMhB;;;;;;;;;;;;kDAMiBE,O;;;;;;;uBAEFb,gBAASC,IAAT,CAAca,QAAd,CAAuBD,OAAvB,EAAgC;AAACV,kBAAAA,OAAO,EAAE,CAAC;AAACC,oBAAAA,GAAG,EAAE,IAAN;AAAYC,oBAAAA,MAAM,EAAE;AAApB,mBAAD;AAAV,iBAAhC,C;;;;;;;;;;;;;;;;;;;;;;;;AAMf;;;;;;;;;;;;kDAMoBQ,O;;;;;;;;;uBAEGb,gBAASC,IAAT,CAAca,QAAd,CAAuBD,OAAvB,C;;;AAAfG,gBAAAA,Q;;qBACFA,Q;;;;;;uBACUhB,gBAASC,IAAT,CAAcgB,OAAd,CAAsB;AAACV,kBAAAA,KAAK,EAAE;AAACM,oBAAAA,OAAO,EAAPA;AAAD;AAAR,iBAAtB,C;;;;;;kDACA,I;;;;;;;;;;;;;;;;;;;;;;;;;;;;;eAOFd,W","sourceRoot":"C:\\Users\\mi\\Documents\\GitHub\\Books\\src\\server\\services","sourcesContent":["import database from '../src/models';\r\n\r\nclass BookService {\r\n\t\r\n\t/**\r\n\t * Requests all available books from the database\r\n\t *\r\n\t * @returns {Promise<*>}\r\n\t */\r\n\tstatic async getAll() {\r\n\t\ttry {\r\n\t\t\treturn await database.book.findAll({include: [{all: true, nested: true}]});\r\n\t\t} catch (error) {\r\n\t\t\tthrow error;\r\n\t\t}\r\n\t}\r\n\t\r\n\t/**\r\n\t * Requests authors available books from the database\r\n\t *\r\n\t * @returns {Promise<*>}\r\n\t */\r\n\tstatic async getByAuthor(author_id) {\r\n\t\ttry {\r\n\t\t\treturn await database.book.findAll({\r\n\t\t\t\twhere:{ 'author_id' : author_id },\r\n\t\t\t\t//attributes: ['name', 'author_id']\r\n\t\t\t});\r\n\t\t} catch (error) {\r\n\t\t\tthrow error;\r\n\t\t}\r\n\t}\r\n\r\n\t/**\r\n\t * Requests party of available books from the database\r\n\t *\r\n\t * @returns {Promise<*>}\r\n\t */\r\n\tstatic async getParty({limit, page}) {\r\n\t\ttry {\r\n\t\t\treturn await database.book.findAll({\r\n\t\t\t\tlimit,\r\n\t\t\t\tOffset: page*limit\r\n\t\t\t});\r\n\t\t} catch (error) {\r\n\t\t\tthrow error;\r\n\t\t}\r\n\t}\r\n\r\n\t/**\r\n\t * Adds the book to the database.\r\n\t *\r\n\t * @param {Object} data - book information\r\n\t * @returns {Promise<*>}\r\n\t */\r\n\tstatic async add(data) {\r\n\t\ttry {\r\n\t\t\treturn await database.book.create(data);\r\n\t\t} catch (error) {\r\n\t\t\tthrow error;\r\n\t\t}\r\n\t}\r\n\r\n\t/**\r\n\t * Updates the book with the given id with new information\r\n\t *\r\n\t * @param {String} book_id - book id\r\n\t * @param {Object} data - book information\r\n\t * @returns {Promise<*>}\r\n\t */\r\n\tstatic async update(book_id, data) {\r\n\t\ttry {\r\n\t\t\tconst update = await database.book.findByPk(book_id);\r\n\t\t\tif (update) {\r\n\t\t\t\tawait database.book.update(data, {where: {book_id}});\r\n\t\t\t\treturn data;\r\n\t\t\t} else return null;\r\n\t\t} catch (error) {\r\n\t\t\tthrow error;\r\n\t\t}\r\n\t}\r\n\r\n\t/**\r\n\t * Requests the book with the given id from the database\r\n\t *\r\n\t * @param {String} book_id - book id\r\n\t * @returns {Promise<*>}\r\n\t */\r\n\tstatic async get(book_id) {\r\n\t\ttry {\r\n\t\t\treturn await database.book.findByPk(book_id, {include: [{all: true, nested: true}]});\r\n\t\t} catch (error) {\r\n\t\t\tthrow error;\r\n\t\t}\r\n\t}\r\n\r\n\t/**\r\n\t * Removes the books with the given id from the database\r\n\t *\r\n\t * @param {String} book_id - book id\r\n\t * @returns {Promise<*>}\r\n\t */\r\n\tstatic async remove(book_id) {\r\n\t\ttry {\r\n\t\t\tconst remove = await database.book.findByPk(book_id);\r\n\t\t\tif (remove) {\r\n\t\t\t\treturn await database.book.destroy({where: {book_id}});\r\n\t\t\t} else return null;\r\n\t\t} catch (error) {\r\n\t\t\tthrow error;\r\n\t\t}\r\n\t}\r\n}\r\n\r\nexport default BookService;"]},"_coverageSchema":"1a1c01bbd47fc00a2c39e90264f33305004495a9","hash":"1cd892dbefcde5334fca08a4787d4cba51ca03c9","contentHash":"1f7faae9cfa608a736512caef0fb9906995c6c0979e075aaf097acbb43f484a5"},"C:\\Users\\mi\\Documents\\GitHub\\Books\\src\\server\\src\\models\\index.js":{"path":"C:\\Users\\mi\\Documents\\GitHub\\Books\\src\\server\\src\\models\\index.js","statementMap":{"0":{"start":{"line":3,"column":29},"end":{"line":3,"column":84}},"1":{"start":{"line":5,"column":0},"end":{"line":7,"column":3}},"2":{"start":{"line":8,"column":0},"end":{"line":8,"column":25}},"3":{"start":{"line":10,"column":17},"end":{"line":10,"column":61}},"4":{"start":{"line":12,"column":14},"end":{"line":12,"column":65}},"5":{"start":{"line":14,"column":10},"end":{"line":14,"column":54}},"6":{"start":{"line":16,"column":9},"end":{"line":16,"column":29}},"7":{"start":{"line":20,"column":16},"end":{"line":23,"column":2}},"8":{"start":{"line":25,"column":0},"end":{"line":30,"column":1}},"9":{"start":{"line":26,"column":2},"end":{"line":26,"column":27}},"10":{"start":{"line":27,"column":2},"end":{"line":27,"column":63}},"11":{"start":{"line":29,"column":2},"end":{"line":29,"column":61}},"12":{"start":{"line":32,"column":9},"end":{"line":32,"column":11}},"13":{"start":{"line":33,"column":0},"end":{"line":33,"column":62}},"14":{"start":{"line":34,"column":0},"end":{"line":34,"column":66}},"15":{"start":{"line":35,"column":0},"end":{"line":37,"column":3}},"16":{"start":{"line":36,"column":2},"end":{"line":36,"column":64}},"17":{"start":{"line":38,"column":0},"end":{"line":38,"column":25}},"18":{"start":{"line":39,"column":0},"end":{"line":39,"column":34}},"19":{"start":{"line":40,"column":15},"end":{"line":40,"column":17}},"20":{"start":{"line":41,"column":0},"end":{"line":41,"column":27}}},"fnMap":{"0":{"name":"(anonymous_0)","decl":{"start":{"line":35,"column":24},"end":{"line":35,"column":25}},"loc":{"start":{"line":35,"column":45},"end":{"line":37,"column":1}},"line":35}},"branchMap":{"0":{"loc":{"start":{"line":14,"column":10},"end":{"line":14,"column":54}},"type":"binary-expr","locations":[{"start":{"line":14,"column":10},"end":{"line":14,"column":37}},{"start":{"line":14,"column":41},"end":{"line":14,"column":54}}],"line":14},"1":{"loc":{"start":{"line":36,"column":9},"end":{"line":36,"column":63}},"type":"binary-expr","locations":[{"start":{"line":36,"column":9},"end":{"line":36,"column":32}},{"start":{"line":36,"column":36},"end":{"line":36,"column":63}}],"line":36}},"s":{"0":1,"1":1,"2":1,"3":1,"4":1,"5":1,"6":0,"7":0,"8":0,"9":0,"10":0,"11":0,"12":0,"13":0,"14":0,"15":0,"16":0,"17":0,"18":0,"19":0,"20":0},"f":{"0":0},"b":{"0":[1,0],"1":[0,0]},"inputSourceMap":{"version":3,"sources":["index.js"],"names":["env","process","NODE_ENV","trim","config","configs","sequelize","Sequelize","database","username","password","dialect","host","authenticate","console","log","error","db","require","Object","keys","forEach","modelName","associate"],"mappings":";;;;;;;;;AAAA;;AACA;;AAEA,IAAMA,GAAG,GAAGC,OAAO,CAACD,GAAR,CAAYE,QAAZ,CAAqBC,IAArB,MAA+B,aAA3C;AAAA,IACA;AACCC,MAAM,GAAGC,gBAAQL,GAAR,CAFV,C,CAIA;AACA;AACA;;AACA,IAAIM,SAAS,GAAG,IAAIC,kBAAJ,CAAcH,MAAM,CAACI,QAArB,EAA+BJ,MAAM,CAACK,QAAtC,EAAgDL,MAAM,CAACM,QAAvD,EACf;AACCC,EAAAA,OAAO,EAAEP,MAAM,CAACO,OADjB;AAECC,EAAAA,IAAI,EAAER,MAAM,CAACQ;AAFd,CADe,CAAhB;;AAOA,IAAI;AACFN,EAAAA,SAAS,CAACO,YAAV;AACAC,EAAAA,OAAO,CAACC,GAAR,CAAY,+CAAZ;AACD,CAHD,CAGE,OAAOC,KAAP,EAAc;AACdF,EAAAA,OAAO,CAACE,KAAR,CAAc,oCAAd,EAAoDA,KAApD;AACD;;AAED,IAAMC,EAAE,GAAG,EAAX;AACAA,EAAE,CAAC,MAAD,CAAF,GAAaC,OAAO,CAAC,QAAD,CAAP,CAAkBZ,SAAlB,EAA6BC,kBAA7B,CAAb;AACAU,EAAE,CAAC,QAAD,CAAF,GAAeC,OAAO,CAAC,UAAD,CAAP,CAAoBZ,SAApB,EAA+BC,kBAA/B,CAAf;AAEAY,MAAM,CAACC,IAAP,CAAYH,EAAZ,EAAgBI,OAAhB,CAAwB,UAAAC,SAAS;AAAA,SAChCL,EAAE,CAACK,SAAD,CAAF,CAAcC,SAAd,IAA2BN,EAAE,CAACK,SAAD,CAAF,CAAcC,SAAd,CAAwBN,EAAxB,CADK;AAAA,CAAjC;AAGAA,EAAE,CAACX,SAAH,GAAeA,SAAf;AACAW,EAAE,CAACV,SAAH,GAAeA,kBAAf;eAEeU,E","sourceRoot":"C:\\Users\\mi\\Documents\\GitHub\\Books\\src\\server\\src\\models","sourcesContent":["import Sequelize from 'sequelize';\r\nimport configs from '../config/config';\r\n\r\nconst env = process.env.NODE_ENV.trim() || 'development',\r\n//\tbasename = path.basename(__filename),\r\n\tconfig = configs[env];\r\n\r\n// let sequelize = config.use_env_variable ?\r\n// \tnew Sequelize(process.env[config.use_env_variable], config) :\r\n// \tnew Sequelize(config.database, config.username, config.password, { dialect: config.dialect});\r\nlet sequelize = new Sequelize(config.database, config.username, config.password,\r\n\t{ \r\n\t\tdialect: config.dialect,\r\n\t\thost: config.host\r\n\t}\r\n);\r\n\r\ntry {\r\n  sequelize.authenticate();\r\n  console.log('Connection has been established successfully.');\r\n} catch (error) {\r\n  console.error('Unable to connect to the database:', error);\r\n}\r\n\r\nconst db = {};\r\ndb['book'] = require('./book')(sequelize, Sequelize);\r\ndb['author'] = require('./author')(sequelize, Sequelize);\r\n\r\nObject.keys(db).forEach(modelName =>\r\n\tdb[modelName].associate && db[modelName].associate(db));\r\n\r\ndb.sequelize = sequelize;\r\ndb.Sequelize = Sequelize;\r\n\r\nexport default db;"]},"_coverageSchema":"1a1c01bbd47fc00a2c39e90264f33305004495a9","hash":"0b882c230d1c7d0bc07ab25712a58cb0fbb12f07","contentHash":"6669ed72751f36aded782f6d9b46676ba306dc931ca6fe89c050a115dda5464b"},"C:\\Users\\mi\\Documents\\GitHub\\Books\\src\\server\\src\\config\\config.js":{"path":"C:\\Users\\mi\\Documents\\GitHub\\Books\\src\\server\\src\\config\\config.js","statementMap":{"0":{"start":{"line":3,"column":0},"end":{"line":28,"column":2}}},"fnMap":{},"branchMap":{},"s":{"0":1},"f":{},"b":{},"inputSourceMap":{"version":3,"sources":["config.js"],"names":["module","exports","development","database","username","password","host","port","dialect","test"],"mappings":";;AACAA,MAAM,CAACC,OAAP,GAAiB;AACfC,EAAAA,WAAW,EAAE;AACXC,IAAAA,QAAQ,EAAE,MADC;AAEXC,IAAAA,QAAQ,EAAE,UAFC;AAGXC,IAAAA,QAAQ,EAAE,UAHC;AAIXC,IAAAA,IAAI,EAAE,WAJK;AAKXC,IAAAA,IAAI,EAAE,MALK;AAMXC,IAAAA,OAAO,EAAE;AANE,GADE;AASfC,EAAAA,IAAI,EAAE;AACJN,IAAAA,QAAQ,EAAE,MADN;AAEJC,IAAAA,QAAQ,EAAE,UAFN;AAGJC,IAAAA,QAAQ,EAAE,UAHN;AAIJC,IAAAA,IAAI,EAAG,WAJH;AAKJC,IAAAA,IAAI,EAAE,MALF;AAMJC,IAAAA,OAAO,EAAE;AANL,GATS,CAkBf;AACA;AACA;AACA;AACA;AACA;AACA;AACA;;AAzBe,CAAjB","sourceRoot":"C:\\Users\\mi\\Documents\\GitHub\\Books\\src\\server\\src\\config","sourcesContent":["\r\nmodule.exports = {\r\n  development: {\r\n    database: 'book',\r\n    username: 'postgres',\r\n    password: '15zanuve',\r\n    host: 'localhost',\r\n    port: '5432',\r\n    dialect: 'postgres'\r\n  },\r\n  test: {\r\n    database: 'book',\r\n    username: 'postgres',\r\n    password: '15zanuve',\r\n    host:  'localhost',\r\n    port: '5432',\r\n    dialect: 'postgres'\r\n  },\r\n\r\n  // production: {\r\n  //   database: process.env.DB_NAME,\r\n  //   username: process.env.DB_USER,\r\n  //   password: process.env.DB_PASS,\r\n  //   host: process.env.DB_HOST,\r\n  //   port: '5433',\r\n  //   dialect: 'postgres'\r\n  // }\r\n}\r\n"]},"_coverageSchema":"1a1c01bbd47fc00a2c39e90264f33305004495a9","hash":"3f8ddecfdf8b879a5c6c760c0f27a52d48069437","contentHash":"2033d3f9c339a9c1c9f5401565ed2188015001ef379a7b7cf0ed3b7b3d7d829c"}}